2025-11-30 10:30:37,192 - INFO - Start
2025-11-30 10:30:46,025 - INFO - تم الوصول للموقع
2025-11-30 10:30:46,133 - INFO - تم  الوصول لعنوان البطولة كأس العرب 
2025-11-30 10:30:46,133 - INFO - وصلنا لجميع مباريات البطولة
2025-11-30 10:30:46,133 - INFO - وصلنا لاول  فريق ف المباراة الكويت
2025-11-30 10:30:46,133 - INFO - وصلنا ل تاني فريق موريتانيا
2025-11-30 10:30:46,134 - INFO - وصلنا لنتيجة المباراة
2025-11-30 10:30:46,134 - INFO - تم الوصول لوقت المباراة
2025-11-30 10:30:46,134 - INFO - وصلنا لاول  فريق ف المباراة سوريا
2025-11-30 10:30:46,134 - INFO - وصلنا ل تاني فريق جنوب السودان
2025-11-30 10:30:46,135 - INFO - وصلنا لنتيجة المباراة
2025-11-30 10:30:46,135 - INFO - تم الوصول لوقت المباراة
2025-11-30 10:30:46,135 - INFO - وصلنا لاول  فريق ف المباراة فلسطين
2025-11-30 10:30:46,135 - INFO - وصلنا ل تاني فريق ليبيا
2025-11-30 10:30:46,135 - INFO - وصلنا لنتيجة المباراة
2025-11-30 10:30:46,136 - INFO - تم الوصول لوقت المباراة
2025-11-30 10:30:46,136 - INFO - تم  الوصول لعنوان البطولة الدوري المصري 
2025-11-30 10:30:46,136 - INFO - وصلنا لجميع مباريات البطولة
2025-11-30 10:30:46,136 - INFO - وصلنا لاول  فريق ف المباراة بيراميدز
2025-11-30 10:30:46,136 - INFO - وصلنا ل تاني فريق المقاولون العرب
2025-11-30 10:30:46,136 - INFO - وصلنا لنتيجة المباراة
2025-11-30 10:30:46,136 - INFO - تم الوصول لوقت المباراة
2025-11-30 10:30:46,137 - INFO - تم  الوصول لعنوان البطولة دوري أبطال أوروبا 
2025-11-30 10:30:46,137 - INFO - وصلنا لجميع مباريات البطولة
2025-11-30 10:30:46,137 - INFO - وصلنا لاول  فريق ف المباراة جالاتا سراي
2025-11-30 10:30:46,138 - INFO - وصلنا ل تاني فريق سان جيلواز
2025-11-30 10:30:46,138 - INFO - وصلنا لنتيجة المباراة
2025-11-30 10:30:46,138 - INFO - تم الوصول لوقت المباراة
2025-11-30 10:30:46,138 - INFO - وصلنا لاول  فريق ف المباراة أياكس امستردام
2025-11-30 10:30:46,138 - INFO - وصلنا ل تاني فريق بنفيكا
2025-11-30 10:30:46,138 - INFO - وصلنا لنتيجة المباراة
2025-11-30 10:30:46,139 - INFO - تم الوصول لوقت المباراة
2025-11-30 10:30:46,139 - INFO - وصلنا لاول  فريق ف المباراة مانشستر سيتي
2025-11-30 10:30:46,139 - INFO - وصلنا ل تاني فريق باير ليفركوزن
2025-11-30 10:30:46,140 - INFO - وصلنا لنتيجة المباراة
2025-11-30 10:30:46,140 - INFO - تم الوصول لوقت المباراة
2025-11-30 10:30:46,140 - INFO - وصلنا لاول  فريق ف المباراة تشيلسي
2025-11-30 10:30:46,141 - INFO - وصلنا ل تاني فريق برشلونة
2025-11-30 10:30:46,141 - INFO - وصلنا لنتيجة المباراة
2025-11-30 10:30:46,142 - INFO - تم الوصول لوقت المباراة
2025-11-30 10:30:46,142 - INFO - وصلنا لاول  فريق ف المباراة نابولي
2025-11-30 10:30:46,143 - INFO - وصلنا ل تاني فريق كاراباج اجدام
2025-11-30 10:30:46,144 - INFO - وصلنا لنتيجة المباراة
2025-11-30 10:30:46,144 - INFO - تم الوصول لوقت المباراة
2025-11-30 10:30:46,144 - INFO - وصلنا لاول  فريق ف المباراة بروسيا دورتموند
2025-11-30 10:30:46,145 - INFO - وصلنا ل تاني فريق فياريال
2025-11-30 10:30:46,145 - INFO - وصلنا لنتيجة المباراة
2025-11-30 10:30:46,145 - INFO - تم الوصول لوقت المباراة
2025-11-30 10:30:46,145 - INFO - وصلنا لاول  فريق ف المباراة مارسيليا
2025-11-30 10:30:46,146 - INFO - وصلنا ل تاني فريق نيوكاسل
2025-11-30 10:30:46,146 - INFO - وصلنا لنتيجة المباراة
2025-11-30 10:30:46,146 - INFO - تم الوصول لوقت المباراة
2025-11-30 10:30:46,146 - INFO - وصلنا لاول  فريق ف المباراة جليمت
2025-11-30 10:30:46,147 - INFO - وصلنا ل تاني فريق يوفنتوس
2025-11-30 10:30:46,147 - INFO - وصلنا لنتيجة المباراة
2025-11-30 10:30:46,147 - INFO - تم الوصول لوقت المباراة
2025-11-30 10:30:46,148 - INFO - وصلنا لاول  فريق ف المباراة سلافيا براج
2025-11-30 10:30:46,148 - INFO - وصلنا ل تاني فريق أتلتيك بلباو
2025-11-30 10:30:46,148 - INFO - وصلنا لنتيجة المباراة
2025-11-30 10:30:46,148 - INFO - تم الوصول لوقت المباراة
2025-11-30 10:30:46,148 - INFO - تم  الوصول لعنوان البطولة دوري أبطال آسيا للنخبة 
2025-11-30 10:30:46,149 - INFO - وصلنا لجميع مباريات البطولة
2025-11-30 10:30:46,149 - INFO - وصلنا لاول  فريق ف المباراة ملبورن سيتي
2025-11-30 10:30:46,149 - INFO - وصلنا ل تاني فريق جوهور دارول تاكزيم
2025-11-30 10:30:46,149 - INFO - وصلنا لنتيجة المباراة
2025-11-30 10:30:46,149 - INFO - تم الوصول لوقت المباراة
2025-11-30 10:30:46,149 - INFO - وصلنا لاول  فريق ف المباراة شنغهاي بورت
2025-11-30 10:30:46,150 - INFO - وصلنا ل تاني فريق سول
2025-11-30 10:30:46,150 - INFO - وصلنا لنتيجة المباراة
2025-11-30 10:30:46,150 - INFO - تم الوصول لوقت المباراة
2025-11-30 10:30:46,150 - INFO - وصلنا لاول  فريق ف المباراة جانجوون
2025-11-30 10:30:46,150 - INFO - وصلنا ل تاني فريق ماتشيدا زيلفيا
2025-11-30 10:30:46,150 - INFO - وصلنا لنتيجة المباراة
2025-11-30 10:30:46,151 - INFO - تم الوصول لوقت المباراة
2025-11-30 10:30:46,151 - INFO - وصلنا لاول  فريق ف المباراة تشنغدو رونغتشينغ
2025-11-30 10:30:46,152 - INFO - وصلنا ل تاني فريق سانفريس هيروشيما
2025-11-30 10:30:46,152 - INFO - وصلنا لنتيجة المباراة
2025-11-30 10:30:46,152 - INFO - تم الوصول لوقت المباراة
2025-11-30 10:30:46,152 - INFO - وصلنا لاول  فريق ف المباراة الوحـــدة
2025-11-30 10:30:46,152 - INFO - وصلنا ل تاني فريق السد القطري
2025-11-30 10:30:46,153 - INFO - وصلنا لنتيجة المباراة
2025-11-30 10:30:46,153 - INFO - تم الوصول لوقت المباراة
2025-11-30 10:30:46,153 - INFO - وصلنا لاول  فريق ف المباراة الهلال
2025-11-30 10:30:46,153 - INFO - وصلنا ل تاني فريق الشرطة
2025-11-30 10:30:46,153 - INFO - وصلنا لنتيجة المباراة
2025-11-30 10:30:46,154 - INFO - تم الوصول لوقت المباراة
2025-11-30 10:30:46,611 - INFO - Barh chart done
2025-11-30 10:30:46,880 - INFO - Pie chart done
2025-11-30 10:30:51,904 - INFO - pdf done
2025-11-30 10:30:51,905 - INFO - Progam is Done
2025-11-30 10:30:51,905 - INFO - End
2025-11-30 10:30:51,905 - INFO - --------------------------------------------------
2025-11-30 10:48:33,520 - INFO - Start
2025-11-30 10:48:54,212 - INFO - تم الوصول للموقع
2025-11-30 10:48:54,329 - INFO - تم  الوصول لعنوان البطولة كأس العرب 
2025-11-30 10:48:54,330 - INFO - وصلنا لجميع مباريات البطولة
2025-11-30 10:48:54,330 - INFO - وصلنا لاول  فريق ف المباراة الكويت
2025-11-30 10:48:54,331 - INFO - وصلنا ل تاني فريق موريتانيا
2025-11-30 10:48:54,332 - INFO - وصلنا لنتيجة المباراة
2025-11-30 10:48:54,333 - INFO - تم الوصول لوقت المباراة
2025-11-30 10:48:54,333 - INFO - وصلنا لاول  فريق ف المباراة سوريا
2025-11-30 10:48:54,333 - INFO - وصلنا ل تاني فريق جنوب السودان
2025-11-30 10:48:54,333 - INFO - وصلنا لنتيجة المباراة
2025-11-30 10:48:54,334 - INFO - تم الوصول لوقت المباراة
2025-11-30 10:48:54,334 - INFO - وصلنا لاول  فريق ف المباراة فلسطين
2025-11-30 10:48:54,334 - INFO - وصلنا ل تاني فريق ليبيا
2025-11-30 10:48:54,334 - INFO - وصلنا لنتيجة المباراة
2025-11-30 10:48:54,335 - INFO - تم الوصول لوقت المباراة
2025-11-30 10:48:54,335 - INFO - تم  الوصول لعنوان البطولة الدوري المصري 
2025-11-30 10:48:54,336 - INFO - وصلنا لجميع مباريات البطولة
2025-11-30 10:48:54,337 - INFO - وصلنا لاول  فريق ف المباراة بيراميدز
2025-11-30 10:48:54,338 - INFO - وصلنا ل تاني فريق المقاولون العرب
2025-11-30 10:48:54,338 - INFO - وصلنا لنتيجة المباراة
2025-11-30 10:48:54,338 - INFO - تم الوصول لوقت المباراة
2025-11-30 10:48:54,338 - INFO - تم  الوصول لعنوان البطولة دوري أبطال أوروبا 
2025-11-30 10:48:54,341 - INFO - وصلنا لجميع مباريات البطولة
2025-11-30 10:48:54,341 - INFO - وصلنا لاول  فريق ف المباراة جالاتا سراي
2025-11-30 10:48:54,341 - INFO - وصلنا ل تاني فريق سان جيلواز
2025-11-30 10:48:54,341 - INFO - وصلنا لنتيجة المباراة
2025-11-30 10:48:54,341 - INFO - تم الوصول لوقت المباراة
2025-11-30 10:48:54,342 - INFO - وصلنا لاول  فريق ف المباراة أياكس امستردام
2025-11-30 10:48:54,342 - INFO - وصلنا ل تاني فريق بنفيكا
2025-11-30 10:48:54,342 - INFO - وصلنا لنتيجة المباراة
2025-11-30 10:48:54,342 - INFO - تم الوصول لوقت المباراة
2025-11-30 10:48:54,343 - INFO - وصلنا لاول  فريق ف المباراة مانشستر سيتي
2025-11-30 10:48:54,343 - INFO - وصلنا ل تاني فريق باير ليفركوزن
2025-11-30 10:48:54,343 - INFO - وصلنا لنتيجة المباراة
2025-11-30 10:48:54,343 - INFO - تم الوصول لوقت المباراة
2025-11-30 10:48:54,343 - INFO - وصلنا لاول  فريق ف المباراة تشيلسي
2025-11-30 10:48:54,343 - INFO - وصلنا ل تاني فريق برشلونة
2025-11-30 10:48:54,344 - INFO - وصلنا لنتيجة المباراة
2025-11-30 10:48:54,344 - INFO - تم الوصول لوقت المباراة
2025-11-30 10:48:54,344 - INFO - وصلنا لاول  فريق ف المباراة نابولي
2025-11-30 10:48:54,344 - INFO - وصلنا ل تاني فريق كاراباج اجدام
2025-11-30 10:48:54,344 - INFO - وصلنا لنتيجة المباراة
2025-11-30 10:48:54,344 - INFO - تم الوصول لوقت المباراة
2025-11-30 10:48:54,345 - INFO - وصلنا لاول  فريق ف المباراة بروسيا دورتموند
2025-11-30 10:48:54,345 - INFO - وصلنا ل تاني فريق فياريال
2025-11-30 10:48:54,345 - INFO - وصلنا لنتيجة المباراة
2025-11-30 10:48:54,345 - INFO - تم الوصول لوقت المباراة
2025-11-30 10:48:54,345 - INFO - وصلنا لاول  فريق ف المباراة مارسيليا
2025-11-30 10:48:54,345 - INFO - وصلنا ل تاني فريق نيوكاسل
2025-11-30 10:48:54,345 - INFO - وصلنا لنتيجة المباراة
2025-11-30 10:48:54,346 - INFO - تم الوصول لوقت المباراة
2025-11-30 10:48:54,346 - INFO - وصلنا لاول  فريق ف المباراة جليمت
2025-11-30 10:48:54,346 - INFO - وصلنا ل تاني فريق يوفنتوس
2025-11-30 10:48:54,346 - INFO - وصلنا لنتيجة المباراة
2025-11-30 10:48:54,346 - INFO - تم الوصول لوقت المباراة
2025-11-30 10:48:54,346 - INFO - وصلنا لاول  فريق ف المباراة سلافيا براج
2025-11-30 10:48:54,347 - INFO - وصلنا ل تاني فريق أتلتيك بلباو
2025-11-30 10:48:54,347 - INFO - وصلنا لنتيجة المباراة
2025-11-30 10:48:54,347 - INFO - تم الوصول لوقت المباراة
2025-11-30 10:48:54,347 - INFO - تم  الوصول لعنوان البطولة دوري أبطال آسيا للنخبة 
2025-11-30 10:48:54,347 - INFO - وصلنا لجميع مباريات البطولة
2025-11-30 10:48:54,348 - INFO - وصلنا لاول  فريق ف المباراة ملبورن سيتي
2025-11-30 10:48:54,348 - INFO - وصلنا ل تاني فريق جوهور دارول تاكزيم
2025-11-30 10:48:54,348 - INFO - وصلنا لنتيجة المباراة
2025-11-30 10:48:54,348 - INFO - تم الوصول لوقت المباراة
2025-11-30 10:48:54,348 - INFO - وصلنا لاول  فريق ف المباراة شنغهاي بورت
2025-11-30 10:48:54,348 - INFO - وصلنا ل تاني فريق سول
2025-11-30 10:48:54,349 - INFO - وصلنا لنتيجة المباراة
2025-11-30 10:48:54,349 - INFO - تم الوصول لوقت المباراة
2025-11-30 10:48:54,349 - INFO - وصلنا لاول  فريق ف المباراة جانجوون
2025-11-30 10:48:54,349 - INFO - وصلنا ل تاني فريق ماتشيدا زيلفيا
2025-11-30 10:48:54,349 - INFO - وصلنا لنتيجة المباراة
2025-11-30 10:48:54,349 - INFO - تم الوصول لوقت المباراة
2025-11-30 10:48:54,349 - INFO - وصلنا لاول  فريق ف المباراة تشنغدو رونغتشينغ
2025-11-30 10:48:54,350 - INFO - وصلنا ل تاني فريق سانفريس هيروشيما
2025-11-30 10:48:54,350 - INFO - وصلنا لنتيجة المباراة
2025-11-30 10:48:54,350 - INFO - تم الوصول لوقت المباراة
2025-11-30 10:48:54,350 - INFO - وصلنا لاول  فريق ف المباراة الوحـــدة
2025-11-30 10:48:54,350 - INFO - وصلنا ل تاني فريق السد القطري
2025-11-30 10:48:54,350 - INFO - وصلنا لنتيجة المباراة
2025-11-30 10:48:54,350 - INFO - تم الوصول لوقت المباراة
2025-11-30 10:48:54,351 - INFO - وصلنا لاول  فريق ف المباراة الهلال
2025-11-30 10:48:54,351 - INFO - وصلنا ل تاني فريق الشرطة
2025-11-30 10:48:54,351 - INFO - وصلنا لنتيجة المباراة
2025-11-30 10:48:54,351 - INFO - تم الوصول لوقت المباراة
2025-11-30 10:49:13,302 - INFO - Start
2025-11-30 10:49:25,662 - INFO - تم الوصول للموقع
2025-11-30 10:49:25,806 - INFO - تم  الوصول لعنوان البطولة كأس العرب 
2025-11-30 10:49:25,806 - INFO - وصلنا لجميع مباريات البطولة
2025-11-30 10:49:25,807 - INFO - وصلنا لاول  فريق ف المباراة الكويت
2025-11-30 10:49:25,807 - INFO - وصلنا ل تاني فريق موريتانيا
2025-11-30 10:49:25,807 - INFO - وصلنا لنتيجة المباراة
2025-11-30 10:49:25,808 - INFO - تم الوصول لوقت المباراة
2025-11-30 10:49:25,808 - INFO - وصلنا لاول  فريق ف المباراة سوريا
2025-11-30 10:49:25,808 - INFO - وصلنا ل تاني فريق جنوب السودان
2025-11-30 10:49:25,809 - INFO - وصلنا لنتيجة المباراة
2025-11-30 10:49:25,809 - INFO - تم الوصول لوقت المباراة
2025-11-30 10:49:25,809 - INFO - وصلنا لاول  فريق ف المباراة فلسطين
2025-11-30 10:49:25,810 - INFO - وصلنا ل تاني فريق ليبيا
2025-11-30 10:49:25,810 - INFO - وصلنا لنتيجة المباراة
2025-11-30 10:49:25,810 - INFO - تم الوصول لوقت المباراة
2025-11-30 10:49:25,811 - INFO - تم  الوصول لعنوان البطولة الدوري المصري 
2025-11-30 10:49:25,811 - INFO - وصلنا لجميع مباريات البطولة
2025-11-30 10:49:25,811 - INFO - وصلنا لاول  فريق ف المباراة بيراميدز
2025-11-30 10:49:25,812 - INFO - وصلنا ل تاني فريق المقاولون العرب
2025-11-30 10:49:25,812 - INFO - وصلنا لنتيجة المباراة
2025-11-30 10:49:25,812 - INFO - تم الوصول لوقت المباراة
2025-11-30 10:49:25,812 - INFO - تم  الوصول لعنوان البطولة دوري أبطال أوروبا 
2025-11-30 10:49:25,814 - INFO - وصلنا لجميع مباريات البطولة
2025-11-30 10:49:25,814 - INFO - وصلنا لاول  فريق ف المباراة جالاتا سراي
2025-11-30 10:49:25,814 - INFO - وصلنا ل تاني فريق سان جيلواز
2025-11-30 10:49:25,814 - INFO - وصلنا لنتيجة المباراة
2025-11-30 10:49:25,815 - INFO - تم الوصول لوقت المباراة
2025-11-30 10:49:25,815 - INFO - وصلنا لاول  فريق ف المباراة أياكس امستردام
2025-11-30 10:49:25,815 - INFO - وصلنا ل تاني فريق بنفيكا
2025-11-30 10:49:25,815 - INFO - وصلنا لنتيجة المباراة
2025-11-30 10:49:25,815 - INFO - تم الوصول لوقت المباراة
2025-11-30 10:49:25,816 - INFO - وصلنا لاول  فريق ف المباراة مانشستر سيتي
2025-11-30 10:49:25,816 - INFO - وصلنا ل تاني فريق باير ليفركوزن
2025-11-30 10:49:25,816 - INFO - وصلنا لنتيجة المباراة
2025-11-30 10:49:25,816 - INFO - تم الوصول لوقت المباراة
2025-11-30 10:49:25,816 - INFO - وصلنا لاول  فريق ف المباراة تشيلسي
2025-11-30 10:49:25,817 - INFO - وصلنا ل تاني فريق برشلونة
2025-11-30 10:49:25,817 - INFO - وصلنا لنتيجة المباراة
2025-11-30 10:49:25,817 - INFO - تم الوصول لوقت المباراة
2025-11-30 10:49:25,817 - INFO - وصلنا لاول  فريق ف المباراة نابولي
2025-11-30 10:49:25,817 - INFO - وصلنا ل تاني فريق كاراباج اجدام
2025-11-30 10:49:25,818 - INFO - وصلنا لنتيجة المباراة
2025-11-30 10:49:25,818 - INFO - تم الوصول لوقت المباراة
2025-11-30 10:49:25,818 - INFO - وصلنا لاول  فريق ف المباراة بروسيا دورتموند
2025-11-30 10:49:25,818 - INFO - وصلنا ل تاني فريق فياريال
2025-11-30 10:49:25,818 - INFO - وصلنا لنتيجة المباراة
2025-11-30 10:49:25,819 - INFO - تم الوصول لوقت المباراة
2025-11-30 10:49:25,819 - INFO - وصلنا لاول  فريق ف المباراة مارسيليا
2025-11-30 10:49:25,819 - INFO - وصلنا ل تاني فريق نيوكاسل
2025-11-30 10:49:25,819 - INFO - وصلنا لنتيجة المباراة
2025-11-30 10:49:25,819 - INFO - تم الوصول لوقت المباراة
2025-11-30 10:49:25,820 - INFO - وصلنا لاول  فريق ف المباراة جليمت
2025-11-30 10:49:25,820 - INFO - وصلنا ل تاني فريق يوفنتوس
2025-11-30 10:49:25,820 - INFO - وصلنا لنتيجة المباراة
2025-11-30 10:49:25,820 - INFO - تم الوصول لوقت المباراة
2025-11-30 10:49:25,821 - INFO - وصلنا لاول  فريق ف المباراة سلافيا براج
2025-11-30 10:49:25,821 - INFO - وصلنا ل تاني فريق أتلتيك بلباو
2025-11-30 10:49:25,821 - INFO - وصلنا لنتيجة المباراة
2025-11-30 10:49:25,821 - INFO - تم الوصول لوقت المباراة
2025-11-30 10:49:25,821 - INFO - تم  الوصول لعنوان البطولة دوري أبطال آسيا للنخبة 
2025-11-30 10:49:25,822 - INFO - وصلنا لجميع مباريات البطولة
2025-11-30 10:49:25,822 - INFO - وصلنا لاول  فريق ف المباراة ملبورن سيتي
2025-11-30 10:49:25,822 - INFO - وصلنا ل تاني فريق جوهور دارول تاكزيم
2025-11-30 10:49:25,822 - INFO - وصلنا لنتيجة المباراة
2025-11-30 10:49:25,823 - INFO - تم الوصول لوقت المباراة
2025-11-30 10:49:25,823 - INFO - وصلنا لاول  فريق ف المباراة شنغهاي بورت
2025-11-30 10:49:25,823 - INFO - وصلنا ل تاني فريق سول
2025-11-30 10:49:25,823 - INFO - وصلنا لنتيجة المباراة
2025-11-30 10:49:25,823 - INFO - تم الوصول لوقت المباراة
2025-11-30 10:49:25,823 - INFO - وصلنا لاول  فريق ف المباراة جانجوون
2025-11-30 10:49:25,823 - INFO - وصلنا ل تاني فريق ماتشيدا زيلفيا
2025-11-30 10:49:25,824 - INFO - وصلنا لنتيجة المباراة
2025-11-30 10:49:25,824 - INFO - تم الوصول لوقت المباراة
2025-11-30 10:49:25,824 - INFO - وصلنا لاول  فريق ف المباراة تشنغدو رونغتشينغ
2025-11-30 10:49:25,824 - INFO - وصلنا ل تاني فريق سانفريس هيروشيما
2025-11-30 10:49:25,824 - INFO - وصلنا لنتيجة المباراة
2025-11-30 10:49:25,824 - INFO - تم الوصول لوقت المباراة
2025-11-30 10:49:25,824 - INFO - وصلنا لاول  فريق ف المباراة الوحـــدة
2025-11-30 10:49:25,824 - INFO - وصلنا ل تاني فريق السد القطري
2025-11-30 10:49:25,825 - INFO - وصلنا لنتيجة المباراة
2025-11-30 10:49:25,825 - INFO - تم الوصول لوقت المباراة
2025-11-30 10:49:25,825 - INFO - وصلنا لاول  فريق ف المباراة الهلال
2025-11-30 10:49:25,825 - INFO - وصلنا ل تاني فريق الشرطة
2025-11-30 10:49:25,825 - INFO - وصلنا لنتيجة المباراة
2025-11-30 10:49:25,825 - INFO - تم الوصول لوقت المباراة
2025-11-30 10:49:26,949 - INFO - Barh chart done
2025-11-30 10:49:27,204 - INFO - Pie chart done
2025-11-30 10:49:31,187 - INFO - pdf done
2025-11-30 10:49:31,187 - INFO - Progam is Done
2025-11-30 10:49:31,188 - INFO - End
2025-11-30 10:49:31,188 - INFO - --------------------------------------------------
2025-12-09 06:03:47,940 - INFO - Start
2025-12-09 06:03:50,709 - INFO - Start
2025-12-09 06:05:10,876 - INFO - Start
2025-12-09 06:06:21,841 - INFO - Start
2025-12-09 06:10:18,370 - INFO - Start
2025-12-09 06:10:30,431 - ERROR - مدخلناش الموقع
2025-12-09 06:10:55,961 - INFO - Start
2025-12-09 06:10:55,971 - ERROR - مدخلناش الموقع
2025-12-09 06:15:29,475 - INFO - Start
2025-12-09 06:15:41,518 - ERROR - مدخلناش الموقع
2025-12-09 06:16:48,682 - INFO - Start
2025-12-09 06:16:48,693 - ERROR - مدخلناش الموقعHTTPSConnectionPool(host='www.yallakora.com', port=443): Max retries exceeded with url: /match-center?date=2025-12-09%2000:00:00 (Caused by NameResolutionError("<urllib3.connection.HTTPSConnection object at 0x0000018845C39BE0>: Failed to resolve 'www.yallakora.com' ([Errno 11001] getaddrinfo failed)")) 
2025-12-09 06:20:06,245 - INFO - Start
2025-12-09 06:20:07,386 - INFO - تم الوصول للموقع
2025-12-09 06:20:07,539 - INFO - تم  الوصول لعنوان البطولة كأس العرب 
2025-12-09 06:20:07,540 - INFO - وصلنا لجميع مباريات البطولة
2025-12-09 06:20:07,541 - INFO - وصلنا لاول  فريق ف المباراة الإمارات
2025-12-09 06:20:07,542 - INFO - وصلنا ل تاني فريق الكويت
2025-12-09 06:20:07,543 - INFO - وصلنا لنتيجة المباراة
2025-12-09 06:20:07,543 - INFO - تم الوصول لوقت المباراة
2025-12-09 06:20:07,544 - INFO - وصلنا لاول  فريق ف المباراة مصر الثاني
2025-12-09 06:20:07,544 - INFO - وصلنا ل تاني فريق الأردن
2025-12-09 06:20:07,544 - INFO - وصلنا لنتيجة المباراة
2025-12-09 06:20:07,545 - INFO - تم الوصول لوقت المباراة
2025-12-09 06:20:07,545 - INFO - وصلنا لاول  فريق ف المباراة الجزائر الثاني
2025-12-09 06:20:07,546 - INFO - وصلنا ل تاني فريق العراق
2025-12-09 06:20:07,546 - INFO - وصلنا لنتيجة المباراة
2025-12-09 06:20:07,546 - INFO - تم الوصول لوقت المباراة
2025-12-09 06:20:07,546 - INFO - وصلنا لاول  فريق ف المباراة البـــحرين
2025-12-09 06:20:07,547 - INFO - وصلنا ل تاني فريق السودان
2025-12-09 06:20:07,547 - INFO - وصلنا لنتيجة المباراة
2025-12-09 06:20:07,547 - INFO - تم الوصول لوقت المباراة
2025-12-09 06:20:07,547 - INFO - تم  الوصول لعنوان البطولة كأس رابطة الأندية 
2025-12-09 06:20:07,548 - INFO - وصلنا لجميع مباريات البطولة
2025-12-09 06:20:07,548 - INFO - وصلنا لاول  فريق ف المباراة فاركو
2025-12-09 06:20:07,548 - INFO - وصلنا ل تاني فريق المقاولون العرب
2025-12-09 06:20:07,549 - INFO - وصلنا لنتيجة المباراة
2025-12-09 06:20:07,549 - INFO - تم الوصول لوقت المباراة
2025-12-09 06:20:07,549 - INFO - وصلنا لاول  فريق ف المباراة بيراميدز
2025-12-09 06:20:07,549 - INFO - وصلنا ل تاني فريق البنك الاهلي
2025-12-09 06:20:07,550 - INFO - وصلنا لنتيجة المباراة
2025-12-09 06:20:07,550 - INFO - تم الوصول لوقت المباراة
2025-12-09 06:20:07,550 - INFO - وصلنا لاول  فريق ف المباراة كهرباء الإسماعيلية
2025-12-09 06:20:07,550 - INFO - وصلنا ل تاني فريق الزمالك
2025-12-09 06:20:07,550 - INFO - وصلنا لنتيجة المباراة
2025-12-09 06:20:07,551 - INFO - تم الوصول لوقت المباراة
2025-12-09 06:20:07,551 - INFO - تم  الوصول لعنوان البطولة دوري أبطال أوروبا 
2025-12-09 06:20:07,552 - INFO - وصلنا لجميع مباريات البطولة
2025-12-09 06:20:07,553 - INFO - وصلنا لاول  فريق ف المباراة نادي كايرات
2025-12-09 06:20:07,553 - INFO - وصلنا ل تاني فريق أولمبياكوس
2025-12-09 06:20:07,553 - INFO - وصلنا لنتيجة المباراة
2025-12-09 06:20:07,553 - INFO - تم الوصول لوقت المباراة
2025-12-09 06:20:07,553 - INFO - وصلنا لاول  فريق ف المباراة بايرن ميونيخ
2025-12-09 06:20:07,553 - INFO - وصلنا ل تاني فريق سبورتينج لشبونة
2025-12-09 06:20:07,554 - INFO - وصلنا لنتيجة المباراة
2025-12-09 06:20:07,554 - INFO - تم الوصول لوقت المباراة
2025-12-09 06:20:07,554 - INFO - وصلنا لاول  فريق ف المباراة موناكو
2025-12-09 06:20:07,554 - INFO - وصلنا ل تاني فريق جالاتا سراي
2025-12-09 06:20:07,554 - INFO - وصلنا لنتيجة المباراة
2025-12-09 06:20:07,554 - INFO - تم الوصول لوقت المباراة
2025-12-09 06:20:07,554 - INFO - وصلنا لاول  فريق ف المباراة سان جيلواز
2025-12-09 06:20:07,555 - INFO - وصلنا ل تاني فريق مارسيليا
2025-12-09 06:20:07,555 - INFO - وصلنا لنتيجة المباراة
2025-12-09 06:20:07,555 - INFO - تم الوصول لوقت المباراة
2025-12-09 06:20:07,555 - INFO - وصلنا لاول  فريق ف المباراة إيندهوفن
2025-12-09 06:20:07,555 - INFO - وصلنا ل تاني فريق اتلتيكو مدريد
2025-12-09 06:20:07,555 - INFO - وصلنا لنتيجة المباراة
2025-12-09 06:20:07,555 - INFO - تم الوصول لوقت المباراة
2025-12-09 06:20:07,556 - INFO - وصلنا لاول  فريق ف المباراة إنتر ميلان
2025-12-09 06:20:07,556 - INFO - وصلنا ل تاني فريق ليفربول
2025-12-09 06:20:07,556 - INFO - وصلنا لنتيجة المباراة
2025-12-09 06:20:07,556 - INFO - تم الوصول لوقت المباراة
2025-12-09 06:20:07,556 - INFO - وصلنا لاول  فريق ف المباراة برشلونة
2025-12-09 06:20:07,556 - INFO - وصلنا ل تاني فريق آ. فرانكفورت
2025-12-09 06:20:07,556 - INFO - وصلنا لنتيجة المباراة
2025-12-09 06:20:07,557 - INFO - تم الوصول لوقت المباراة
2025-12-09 06:20:07,557 - INFO - وصلنا لاول  فريق ف المباراة توتنهام هوتسبر
2025-12-09 06:20:07,557 - INFO - وصلنا ل تاني فريق سلافيا براج
2025-12-09 06:20:07,557 - INFO - وصلنا لنتيجة المباراة
2025-12-09 06:20:07,557 - INFO - تم الوصول لوقت المباراة
2025-12-09 06:20:07,557 - INFO - وصلنا لاول  فريق ف المباراة أتالانتا
2025-12-09 06:20:07,557 - INFO - وصلنا ل تاني فريق تشيلسي
2025-12-09 06:20:07,558 - INFO - وصلنا لنتيجة المباراة
2025-12-09 06:20:07,558 - INFO - تم الوصول لوقت المباراة
2025-12-09 06:20:07,558 - INFO - تم  الوصول لعنوان البطولة دوري أبطال آسيا للنخبة 
2025-12-09 06:20:07,558 - INFO - وصلنا لجميع مباريات البطولة
2025-12-09 06:20:07,558 - INFO - وصلنا لاول  فريق ف المباراة فيسيل كوبه
2025-12-09 06:20:07,558 - INFO - وصلنا ل تاني فريق تشنغدو رونغتشينغ
2025-12-09 06:20:07,559 - INFO - وصلنا لنتيجة المباراة
2025-12-09 06:20:07,559 - INFO - تم الوصول لوقت المباراة
2025-12-09 06:20:07,559 - INFO - وصلنا لاول  فريق ف المباراة ماتشيدا زيلفيا
2025-12-09 06:20:07,559 - INFO - وصلنا ل تاني فريق أولسان هيونداي
2025-12-09 06:20:07,559 - INFO - وصلنا لنتيجة المباراة
2025-12-09 06:20:07,559 - INFO - تم الوصول لوقت المباراة
2025-12-09 06:20:07,559 - INFO - وصلنا لاول  فريق ف المباراة جوهور دارول تاكزيم
2025-12-09 06:20:07,560 - INFO - وصلنا ل تاني فريق شنغهاي بورت
2025-12-09 06:20:07,560 - INFO - وصلنا لنتيجة المباراة
2025-12-09 06:20:07,560 - INFO - تم الوصول لوقت المباراة
2025-12-09 06:20:07,560 - INFO - وصلنا لاول  فريق ف المباراة بوريرام
2025-12-09 06:20:07,560 - INFO - وصلنا ل تاني فريق جانجوون
2025-12-09 06:20:07,560 - INFO - وصلنا لنتيجة المباراة
2025-12-09 06:20:07,560 - INFO - تم الوصول لوقت المباراة
2025-12-09 06:20:07,560 - INFO - تم  الوصول لعنوان البطولة الدوري المصري الممتاز - سيدات 
2025-12-09 06:20:07,561 - INFO - وصلنا لجميع مباريات البطولة
2025-12-09 06:20:07,561 - INFO - وصلنا لاول  فريق ف المباراة البنك الأهلي
2025-12-09 06:20:07,561 - INFO - وصلنا ل تاني فريق مسار
2025-12-09 06:20:07,561 - INFO - وصلنا لنتيجة المباراة
2025-12-09 06:20:07,561 - INFO - تم الوصول لوقت المباراة
2025-12-09 06:22:58,208 - INFO - Start
2025-12-09 06:22:59,201 - INFO - تم الوصول للموقع
2025-12-09 06:22:59,319 - INFO - تم  الوصول لعنوان البطولة كأس العرب 
2025-12-09 06:22:59,319 - INFO - وصلنا لجميع مباريات البطولة
2025-12-09 06:22:59,320 - INFO - وصلنا لاول  فريق ف المباراة الإمارات
2025-12-09 06:22:59,320 - INFO - وصلنا ل تاني فريق الكويت
2025-12-09 06:22:59,320 - INFO - وصلنا لنتيجة المباراة
2025-12-09 06:22:59,321 - INFO - تم الوصول لوقت المباراة
2025-12-09 06:22:59,321 - INFO - وصلنا لاول  فريق ف المباراة مصر الثاني
2025-12-09 06:22:59,321 - INFO - وصلنا ل تاني فريق الأردن
2025-12-09 06:22:59,322 - INFO - وصلنا لنتيجة المباراة
2025-12-09 06:22:59,322 - INFO - تم الوصول لوقت المباراة
2025-12-09 06:22:59,322 - INFO - وصلنا لاول  فريق ف المباراة الجزائر الثاني
2025-12-09 06:22:59,322 - INFO - وصلنا ل تاني فريق العراق
2025-12-09 06:22:59,322 - INFO - وصلنا لنتيجة المباراة
2025-12-09 06:22:59,323 - INFO - تم الوصول لوقت المباراة
2025-12-09 06:22:59,323 - INFO - وصلنا لاول  فريق ف المباراة البـــحرين
2025-12-09 06:22:59,323 - INFO - وصلنا ل تاني فريق السودان
2025-12-09 06:22:59,323 - INFO - وصلنا لنتيجة المباراة
2025-12-09 06:22:59,323 - INFO - تم الوصول لوقت المباراة
2025-12-09 06:22:59,323 - INFO - تم  الوصول لعنوان البطولة كأس رابطة الأندية 
2025-12-09 06:22:59,324 - INFO - وصلنا لجميع مباريات البطولة
2025-12-09 06:22:59,324 - INFO - وصلنا لاول  فريق ف المباراة فاركو
2025-12-09 06:22:59,324 - INFO - وصلنا ل تاني فريق المقاولون العرب
2025-12-09 06:22:59,324 - INFO - وصلنا لنتيجة المباراة
2025-12-09 06:22:59,324 - INFO - تم الوصول لوقت المباراة
2025-12-09 06:22:59,324 - INFO - وصلنا لاول  فريق ف المباراة بيراميدز
2025-12-09 06:22:59,324 - INFO - وصلنا ل تاني فريق البنك الاهلي
2025-12-09 06:22:59,325 - INFO - وصلنا لنتيجة المباراة
2025-12-09 06:22:59,325 - INFO - تم الوصول لوقت المباراة
2025-12-09 06:22:59,325 - INFO - وصلنا لاول  فريق ف المباراة كهرباء الإسماعيلية
2025-12-09 06:22:59,325 - INFO - وصلنا ل تاني فريق الزمالك
2025-12-09 06:22:59,325 - INFO - وصلنا لنتيجة المباراة
2025-12-09 06:22:59,325 - INFO - تم الوصول لوقت المباراة
2025-12-09 06:22:59,325 - INFO - تم  الوصول لعنوان البطولة دوري أبطال أوروبا 
2025-12-09 06:22:59,326 - INFO - وصلنا لجميع مباريات البطولة
2025-12-09 06:22:59,326 - INFO - وصلنا لاول  فريق ف المباراة نادي كايرات
2025-12-09 06:22:59,326 - INFO - وصلنا ل تاني فريق أولمبياكوس
2025-12-09 06:22:59,326 - INFO - وصلنا لنتيجة المباراة
2025-12-09 06:22:59,327 - INFO - تم الوصول لوقت المباراة
2025-12-09 06:22:59,327 - INFO - وصلنا لاول  فريق ف المباراة بايرن ميونيخ
2025-12-09 06:22:59,327 - INFO - وصلنا ل تاني فريق سبورتينج لشبونة
2025-12-09 06:22:59,327 - INFO - وصلنا لنتيجة المباراة
2025-12-09 06:22:59,327 - INFO - تم الوصول لوقت المباراة
2025-12-09 06:22:59,327 - INFO - وصلنا لاول  فريق ف المباراة موناكو
2025-12-09 06:22:59,327 - INFO - وصلنا ل تاني فريق جالاتا سراي
2025-12-09 06:22:59,328 - INFO - وصلنا لنتيجة المباراة
2025-12-09 06:22:59,328 - INFO - تم الوصول لوقت المباراة
2025-12-09 06:22:59,328 - INFO - وصلنا لاول  فريق ف المباراة سان جيلواز
2025-12-09 06:22:59,328 - INFO - وصلنا ل تاني فريق مارسيليا
2025-12-09 06:22:59,328 - INFO - وصلنا لنتيجة المباراة
2025-12-09 06:22:59,328 - INFO - تم الوصول لوقت المباراة
2025-12-09 06:22:59,328 - INFO - وصلنا لاول  فريق ف المباراة إيندهوفن
2025-12-09 06:22:59,329 - INFO - وصلنا ل تاني فريق اتلتيكو مدريد
2025-12-09 06:22:59,329 - INFO - وصلنا لنتيجة المباراة
2025-12-09 06:22:59,329 - INFO - تم الوصول لوقت المباراة
2025-12-09 06:22:59,329 - INFO - وصلنا لاول  فريق ف المباراة إنتر ميلان
2025-12-09 06:22:59,329 - INFO - وصلنا ل تاني فريق ليفربول
2025-12-09 06:22:59,329 - INFO - وصلنا لنتيجة المباراة
2025-12-09 06:22:59,329 - INFO - تم الوصول لوقت المباراة
2025-12-09 06:22:59,330 - INFO - وصلنا لاول  فريق ف المباراة برشلونة
2025-12-09 06:22:59,330 - INFO - وصلنا ل تاني فريق آ. فرانكفورت
2025-12-09 06:22:59,330 - INFO - وصلنا لنتيجة المباراة
2025-12-09 06:22:59,330 - INFO - تم الوصول لوقت المباراة
2025-12-09 06:22:59,330 - INFO - وصلنا لاول  فريق ف المباراة توتنهام هوتسبر
2025-12-09 06:22:59,330 - INFO - وصلنا ل تاني فريق سلافيا براج
2025-12-09 06:22:59,330 - INFO - وصلنا لنتيجة المباراة
2025-12-09 06:22:59,331 - INFO - تم الوصول لوقت المباراة
2025-12-09 06:22:59,331 - INFO - وصلنا لاول  فريق ف المباراة أتالانتا
2025-12-09 06:22:59,331 - INFO - وصلنا ل تاني فريق تشيلسي
2025-12-09 06:22:59,331 - INFO - وصلنا لنتيجة المباراة
2025-12-09 06:22:59,331 - INFO - تم الوصول لوقت المباراة
2025-12-09 06:22:59,331 - INFO - تم  الوصول لعنوان البطولة دوري أبطال آسيا للنخبة 
2025-12-09 06:22:59,332 - INFO - وصلنا لجميع مباريات البطولة
2025-12-09 06:22:59,332 - INFO - وصلنا لاول  فريق ف المباراة فيسيل كوبه
2025-12-09 06:22:59,332 - INFO - وصلنا ل تاني فريق تشنغدو رونغتشينغ
2025-12-09 06:22:59,332 - INFO - وصلنا لنتيجة المباراة
2025-12-09 06:22:59,332 - INFO - تم الوصول لوقت المباراة
2025-12-09 06:22:59,332 - INFO - وصلنا لاول  فريق ف المباراة ماتشيدا زيلفيا
2025-12-09 06:22:59,332 - INFO - وصلنا ل تاني فريق أولسان هيونداي
2025-12-09 06:22:59,333 - INFO - وصلنا لنتيجة المباراة
2025-12-09 06:22:59,333 - INFO - تم الوصول لوقت المباراة
2025-12-09 06:22:59,333 - INFO - وصلنا لاول  فريق ف المباراة جوهور دارول تاكزيم
2025-12-09 06:22:59,333 - INFO - وصلنا ل تاني فريق شنغهاي بورت
2025-12-09 06:22:59,333 - INFO - وصلنا لنتيجة المباراة
2025-12-09 06:22:59,333 - INFO - تم الوصول لوقت المباراة
2025-12-09 06:22:59,333 - INFO - وصلنا لاول  فريق ف المباراة بوريرام
2025-12-09 06:22:59,334 - INFO - وصلنا ل تاني فريق جانجوون
2025-12-09 06:22:59,334 - INFO - وصلنا لنتيجة المباراة
2025-12-09 06:22:59,334 - INFO - تم الوصول لوقت المباراة
2025-12-09 06:22:59,334 - INFO - تم  الوصول لعنوان البطولة الدوري المصري الممتاز - سيدات 
2025-12-09 06:22:59,334 - INFO - وصلنا لجميع مباريات البطولة
2025-12-09 06:22:59,334 - INFO - وصلنا لاول  فريق ف المباراة البنك الأهلي
2025-12-09 06:22:59,334 - INFO - وصلنا ل تاني فريق مسار
2025-12-09 06:22:59,334 - INFO - وصلنا لنتيجة المباراة
2025-12-09 06:22:59,335 - INFO - تم الوصول لوقت المباراة
2025-12-09 06:22:59,403 - INFO - ملف  الماتشات و النتايج اتعمل
2025-12-09 06:22:59,423 - INFO - تم عمل الملف (عدد مباريات كل بطولة)
2025-12-09 06:23:01,204 - INFO - Barh chart done
2025-12-09 06:23:01,517 - INFO - Pie chart done
2025-12-09 06:23:05,145 - INFO - pdf done
2025-12-09 06:23:05,147 - INFO - Progam is Done
2025-12-09 06:23:05,148 - INFO - End
2025-12-09 06:23:05,148 - INFO - --------------------------------------------------
2025-12-09 06:24:25,174 - INFO - Start
2025-12-09 06:24:26,186 - INFO - تم الوصول للموقع
2025-12-09 06:24:26,419 - INFO - تم  الوصول لعنوان البطولة كأس العرب 
2025-12-09 06:24:26,419 - INFO - وصلنا لجميع مباريات البطولة
2025-12-09 06:24:26,419 - INFO - وصلنا لاول  فريق ف المباراة الإمارات
2025-12-09 06:24:26,419 - INFO - وصلنا ل تاني فريق الكويت
2025-12-09 06:24:26,420 - INFO - وصلنا لنتيجة المباراة
2025-12-09 06:24:26,420 - INFO - تم الوصول لوقت المباراة
2025-12-09 06:24:26,420 - INFO - وصلنا لاول  فريق ف المباراة مصر الثاني
2025-12-09 06:24:26,420 - INFO - وصلنا ل تاني فريق الأردن
2025-12-09 06:24:26,420 - INFO - وصلنا لنتيجة المباراة
2025-12-09 06:24:26,420 - INFO - تم الوصول لوقت المباراة
2025-12-09 06:24:26,421 - INFO - وصلنا لاول  فريق ف المباراة الجزائر الثاني
2025-12-09 06:24:26,421 - INFO - وصلنا ل تاني فريق العراق
2025-12-09 06:24:26,421 - INFO - وصلنا لنتيجة المباراة
2025-12-09 06:24:26,421 - INFO - تم الوصول لوقت المباراة
2025-12-09 06:24:26,421 - INFO - وصلنا لاول  فريق ف المباراة البـــحرين
2025-12-09 06:24:26,421 - INFO - وصلنا ل تاني فريق السودان
2025-12-09 06:24:26,421 - INFO - وصلنا لنتيجة المباراة
2025-12-09 06:24:26,422 - INFO - تم الوصول لوقت المباراة
2025-12-09 06:24:26,422 - INFO - تم  الوصول لعنوان البطولة كأس رابطة الأندية 
2025-12-09 06:24:26,422 - INFO - وصلنا لجميع مباريات البطولة
2025-12-09 06:24:26,422 - INFO - وصلنا لاول  فريق ف المباراة فاركو
2025-12-09 06:24:26,422 - INFO - وصلنا ل تاني فريق المقاولون العرب
2025-12-09 06:24:26,422 - INFO - وصلنا لنتيجة المباراة
2025-12-09 06:24:26,423 - INFO - تم الوصول لوقت المباراة
2025-12-09 06:24:26,423 - INFO - وصلنا لاول  فريق ف المباراة بيراميدز
2025-12-09 06:24:26,423 - INFO - وصلنا ل تاني فريق البنك الاهلي
2025-12-09 06:24:26,423 - INFO - وصلنا لنتيجة المباراة
2025-12-09 06:24:26,423 - INFO - تم الوصول لوقت المباراة
2025-12-09 06:24:26,423 - INFO - وصلنا لاول  فريق ف المباراة كهرباء الإسماعيلية
2025-12-09 06:24:26,423 - INFO - وصلنا ل تاني فريق الزمالك
2025-12-09 06:24:26,424 - INFO - وصلنا لنتيجة المباراة
2025-12-09 06:24:26,424 - INFO - تم الوصول لوقت المباراة
2025-12-09 06:24:26,424 - INFO - تم  الوصول لعنوان البطولة دوري أبطال أوروبا 
2025-12-09 06:24:26,425 - INFO - وصلنا لجميع مباريات البطولة
2025-12-09 06:24:26,425 - INFO - وصلنا لاول  فريق ف المباراة نادي كايرات
2025-12-09 06:24:26,425 - INFO - وصلنا ل تاني فريق أولمبياكوس
2025-12-09 06:24:26,425 - INFO - وصلنا لنتيجة المباراة
2025-12-09 06:24:26,425 - INFO - تم الوصول لوقت المباراة
2025-12-09 06:24:26,425 - INFO - وصلنا لاول  فريق ف المباراة بايرن ميونيخ
2025-12-09 06:24:26,425 - INFO - وصلنا ل تاني فريق سبورتينج لشبونة
2025-12-09 06:24:26,426 - INFO - وصلنا لنتيجة المباراة
2025-12-09 06:24:26,426 - INFO - تم الوصول لوقت المباراة
2025-12-09 06:24:26,426 - INFO - وصلنا لاول  فريق ف المباراة موناكو
2025-12-09 06:24:26,426 - INFO - وصلنا ل تاني فريق جالاتا سراي
2025-12-09 06:24:26,426 - INFO - وصلنا لنتيجة المباراة
2025-12-09 06:24:26,426 - INFO - تم الوصول لوقت المباراة
2025-12-09 06:24:26,426 - INFO - وصلنا لاول  فريق ف المباراة سان جيلواز
2025-12-09 06:24:26,427 - INFO - وصلنا ل تاني فريق مارسيليا
2025-12-09 06:24:26,427 - INFO - وصلنا لنتيجة المباراة
2025-12-09 06:24:26,427 - INFO - تم الوصول لوقت المباراة
2025-12-09 06:24:26,428 - INFO - وصلنا لاول  فريق ف المباراة إيندهوفن
2025-12-09 06:24:26,428 - INFO - وصلنا ل تاني فريق اتلتيكو مدريد
2025-12-09 06:24:26,428 - INFO - وصلنا لنتيجة المباراة
2025-12-09 06:24:26,428 - INFO - تم الوصول لوقت المباراة
2025-12-09 06:24:26,428 - INFO - وصلنا لاول  فريق ف المباراة إنتر ميلان
2025-12-09 06:24:26,429 - INFO - وصلنا ل تاني فريق ليفربول
2025-12-09 06:24:26,429 - INFO - وصلنا لنتيجة المباراة
2025-12-09 06:24:26,429 - INFO - تم الوصول لوقت المباراة
2025-12-09 06:24:26,429 - INFO - وصلنا لاول  فريق ف المباراة برشلونة
2025-12-09 06:24:26,429 - INFO - وصلنا ل تاني فريق آ. فرانكفورت
2025-12-09 06:24:26,429 - INFO - وصلنا لنتيجة المباراة
2025-12-09 06:24:26,430 - INFO - تم الوصول لوقت المباراة
2025-12-09 06:24:26,430 - INFO - وصلنا لاول  فريق ف المباراة توتنهام هوتسبر
2025-12-09 06:24:26,430 - INFO - وصلنا ل تاني فريق سلافيا براج
2025-12-09 06:24:26,430 - INFO - وصلنا لنتيجة المباراة
2025-12-09 06:24:26,430 - INFO - تم الوصول لوقت المباراة
2025-12-09 06:24:26,430 - INFO - وصلنا لاول  فريق ف المباراة أتالانتا
2025-12-09 06:24:26,430 - INFO - وصلنا ل تاني فريق تشيلسي
2025-12-09 06:24:26,431 - INFO - وصلنا لنتيجة المباراة
2025-12-09 06:24:26,431 - INFO - تم الوصول لوقت المباراة
2025-12-09 06:24:26,431 - INFO - تم  الوصول لعنوان البطولة دوري أبطال آسيا للنخبة 
2025-12-09 06:24:26,431 - INFO - وصلنا لجميع مباريات البطولة
2025-12-09 06:24:26,431 - INFO - وصلنا لاول  فريق ف المباراة فيسيل كوبه
2025-12-09 06:24:26,431 - INFO - وصلنا ل تاني فريق تشنغدو رونغتشينغ
2025-12-09 06:24:26,432 - INFO - وصلنا لنتيجة المباراة
2025-12-09 06:24:26,432 - INFO - تم الوصول لوقت المباراة
2025-12-09 06:24:26,432 - INFO - وصلنا لاول  فريق ف المباراة ماتشيدا زيلفيا
2025-12-09 06:24:26,432 - INFO - وصلنا ل تاني فريق أولسان هيونداي
2025-12-09 06:24:26,432 - INFO - وصلنا لنتيجة المباراة
2025-12-09 06:24:26,432 - INFO - تم الوصول لوقت المباراة
2025-12-09 06:24:26,432 - INFO - وصلنا لاول  فريق ف المباراة جوهور دارول تاكزيم
2025-12-09 06:24:26,433 - INFO - وصلنا ل تاني فريق شنغهاي بورت
2025-12-09 06:24:26,433 - INFO - وصلنا لنتيجة المباراة
2025-12-09 06:24:26,433 - INFO - تم الوصول لوقت المباراة
2025-12-09 06:24:26,433 - INFO - وصلنا لاول  فريق ف المباراة بوريرام
2025-12-09 06:24:26,433 - INFO - وصلنا ل تاني فريق جانجوون
2025-12-09 06:24:26,433 - INFO - وصلنا لنتيجة المباراة
2025-12-09 06:24:26,433 - INFO - تم الوصول لوقت المباراة
2025-12-09 06:24:26,433 - INFO - تم  الوصول لعنوان البطولة الدوري المصري الممتاز - سيدات 
2025-12-09 06:24:26,434 - INFO - وصلنا لجميع مباريات البطولة
2025-12-09 06:24:26,434 - INFO - وصلنا لاول  فريق ف المباراة البنك الأهلي
2025-12-09 06:24:26,434 - INFO - وصلنا ل تاني فريق مسار
2025-12-09 06:24:26,434 - INFO - وصلنا لنتيجة المباراة
2025-12-09 06:24:26,434 - INFO - تم الوصول لوقت المباراة
2025-12-09 06:24:26,447 - INFO - ملف  الماتشات و النتايج اتعمل
2025-12-09 06:24:26,451 - INFO - تم عمل الملف (عدد مباريات كل بطولة)
2025-12-09 06:24:26,903 - INFO - Barh chart done
2025-12-09 06:24:27,152 - ERROR - حصل مشكلة ف ال pie chart
2025-12-09 06:24:31,338 - INFO - pdf done
2025-12-09 06:24:31,339 - INFO - Progam is Done
2025-12-09 06:24:31,339 - INFO - End
2025-12-09 06:24:31,339 - INFO - --------------------------------------------------
2025-12-09 06:25:14,578 - INFO - Start
2025-12-09 06:25:15,583 - INFO - تم الوصول للموقع
2025-12-09 06:25:15,695 - INFO - تم  الوصول لعنوان البطولة كأس العرب 
2025-12-09 06:25:15,696 - INFO - وصلنا لجميع مباريات البطولة
2025-12-09 06:25:15,696 - INFO - وصلنا لاول  فريق ف المباراة الإمارات
2025-12-09 06:25:15,696 - INFO - وصلنا ل تاني فريق الكويت
2025-12-09 06:25:15,697 - INFO - وصلنا لنتيجة المباراة
2025-12-09 06:25:15,697 - INFO - تم الوصول لوقت المباراة
2025-12-09 06:25:15,698 - INFO - وصلنا لاول  فريق ف المباراة مصر الثاني
2025-12-09 06:25:15,699 - INFO - وصلنا ل تاني فريق الأردن
2025-12-09 06:25:15,700 - INFO - وصلنا لنتيجة المباراة
2025-12-09 06:25:15,700 - INFO - تم الوصول لوقت المباراة
2025-12-09 06:25:15,700 - INFO - وصلنا لاول  فريق ف المباراة الجزائر الثاني
2025-12-09 06:25:15,701 - INFO - وصلنا ل تاني فريق العراق
2025-12-09 06:25:15,702 - INFO - وصلنا لنتيجة المباراة
2025-12-09 06:25:15,702 - INFO - تم الوصول لوقت المباراة
2025-12-09 06:25:15,703 - INFO - وصلنا لاول  فريق ف المباراة البـــحرين
2025-12-09 06:25:15,703 - INFO - وصلنا ل تاني فريق السودان
2025-12-09 06:25:15,704 - INFO - وصلنا لنتيجة المباراة
2025-12-09 06:25:15,704 - INFO - تم الوصول لوقت المباراة
2025-12-09 06:25:15,704 - INFO - تم  الوصول لعنوان البطولة كأس رابطة الأندية 
2025-12-09 06:25:15,705 - INFO - وصلنا لجميع مباريات البطولة
2025-12-09 06:25:15,705 - INFO - وصلنا لاول  فريق ف المباراة فاركو
2025-12-09 06:25:15,706 - INFO - وصلنا ل تاني فريق المقاولون العرب
2025-12-09 06:25:15,707 - INFO - وصلنا لنتيجة المباراة
2025-12-09 06:25:15,707 - INFO - تم الوصول لوقت المباراة
2025-12-09 06:25:15,707 - INFO - وصلنا لاول  فريق ف المباراة بيراميدز
2025-12-09 06:25:15,708 - INFO - وصلنا ل تاني فريق البنك الاهلي
2025-12-09 06:25:15,708 - INFO - وصلنا لنتيجة المباراة
2025-12-09 06:25:15,708 - INFO - تم الوصول لوقت المباراة
2025-12-09 06:25:15,709 - INFO - وصلنا لاول  فريق ف المباراة كهرباء الإسماعيلية
2025-12-09 06:25:15,709 - INFO - وصلنا ل تاني فريق الزمالك
2025-12-09 06:25:15,710 - INFO - وصلنا لنتيجة المباراة
2025-12-09 06:25:15,711 - INFO - تم الوصول لوقت المباراة
2025-12-09 06:25:15,711 - INFO - تم  الوصول لعنوان البطولة دوري أبطال أوروبا 
2025-12-09 06:25:15,713 - INFO - وصلنا لجميع مباريات البطولة
2025-12-09 06:25:15,713 - INFO - وصلنا لاول  فريق ف المباراة نادي كايرات
2025-12-09 06:25:15,714 - INFO - وصلنا ل تاني فريق أولمبياكوس
2025-12-09 06:25:15,715 - INFO - وصلنا لنتيجة المباراة
2025-12-09 06:25:15,715 - INFO - تم الوصول لوقت المباراة
2025-12-09 06:25:15,715 - INFO - وصلنا لاول  فريق ف المباراة بايرن ميونيخ
2025-12-09 06:25:15,717 - INFO - وصلنا ل تاني فريق سبورتينج لشبونة
2025-12-09 06:25:15,717 - INFO - وصلنا لنتيجة المباراة
2025-12-09 06:25:15,717 - INFO - تم الوصول لوقت المباراة
2025-12-09 06:25:15,717 - INFO - وصلنا لاول  فريق ف المباراة موناكو
2025-12-09 06:25:15,718 - INFO - وصلنا ل تاني فريق جالاتا سراي
2025-12-09 06:25:15,718 - INFO - وصلنا لنتيجة المباراة
2025-12-09 06:25:15,719 - INFO - تم الوصول لوقت المباراة
2025-12-09 06:25:15,719 - INFO - وصلنا لاول  فريق ف المباراة سان جيلواز
2025-12-09 06:25:15,719 - INFO - وصلنا ل تاني فريق مارسيليا
2025-12-09 06:25:15,719 - INFO - وصلنا لنتيجة المباراة
2025-12-09 06:25:15,719 - INFO - تم الوصول لوقت المباراة
2025-12-09 06:25:15,719 - INFO - وصلنا لاول  فريق ف المباراة إيندهوفن
2025-12-09 06:25:15,720 - INFO - وصلنا ل تاني فريق اتلتيكو مدريد
2025-12-09 06:25:15,720 - INFO - وصلنا لنتيجة المباراة
2025-12-09 06:25:15,720 - INFO - تم الوصول لوقت المباراة
2025-12-09 06:25:15,720 - INFO - وصلنا لاول  فريق ف المباراة إنتر ميلان
2025-12-09 06:25:15,720 - INFO - وصلنا ل تاني فريق ليفربول
2025-12-09 06:25:15,720 - INFO - وصلنا لنتيجة المباراة
2025-12-09 06:25:15,720 - INFO - تم الوصول لوقت المباراة
2025-12-09 06:25:15,721 - INFO - وصلنا لاول  فريق ف المباراة برشلونة
2025-12-09 06:25:15,721 - INFO - وصلنا ل تاني فريق آ. فرانكفورت
2025-12-09 06:25:15,721 - INFO - وصلنا لنتيجة المباراة
2025-12-09 06:25:15,721 - INFO - تم الوصول لوقت المباراة
2025-12-09 06:25:15,722 - INFO - وصلنا لاول  فريق ف المباراة توتنهام هوتسبر
2025-12-09 06:25:15,722 - INFO - وصلنا ل تاني فريق سلافيا براج
2025-12-09 06:25:15,722 - INFO - وصلنا لنتيجة المباراة
2025-12-09 06:25:15,722 - INFO - تم الوصول لوقت المباراة
2025-12-09 06:25:15,722 - INFO - وصلنا لاول  فريق ف المباراة أتالانتا
2025-12-09 06:25:15,722 - INFO - وصلنا ل تاني فريق تشيلسي
2025-12-09 06:25:15,723 - INFO - وصلنا لنتيجة المباراة
2025-12-09 06:25:15,723 - INFO - تم الوصول لوقت المباراة
2025-12-09 06:25:15,723 - INFO - تم  الوصول لعنوان البطولة دوري أبطال آسيا للنخبة 
2025-12-09 06:25:15,723 - INFO - وصلنا لجميع مباريات البطولة
2025-12-09 06:25:15,723 - INFO - وصلنا لاول  فريق ف المباراة فيسيل كوبه
2025-12-09 06:25:15,723 - INFO - وصلنا ل تاني فريق تشنغدو رونغتشينغ
2025-12-09 06:25:15,724 - INFO - وصلنا لنتيجة المباراة
2025-12-09 06:25:15,724 - INFO - تم الوصول لوقت المباراة
2025-12-09 06:25:15,724 - INFO - وصلنا لاول  فريق ف المباراة ماتشيدا زيلفيا
2025-12-09 06:25:15,724 - INFO - وصلنا ل تاني فريق أولسان هيونداي
2025-12-09 06:25:15,724 - INFO - وصلنا لنتيجة المباراة
2025-12-09 06:25:15,724 - INFO - تم الوصول لوقت المباراة
2025-12-09 06:25:15,724 - INFO - وصلنا لاول  فريق ف المباراة جوهور دارول تاكزيم
2025-12-09 06:25:15,725 - INFO - وصلنا ل تاني فريق شنغهاي بورت
2025-12-09 06:25:15,725 - INFO - وصلنا لنتيجة المباراة
2025-12-09 06:25:15,725 - INFO - تم الوصول لوقت المباراة
2025-12-09 06:25:15,725 - INFO - وصلنا لاول  فريق ف المباراة بوريرام
2025-12-09 06:25:15,726 - INFO - وصلنا ل تاني فريق جانجوون
2025-12-09 06:25:15,726 - INFO - وصلنا لنتيجة المباراة
2025-12-09 06:25:15,727 - INFO - تم الوصول لوقت المباراة
2025-12-09 06:25:15,727 - INFO - تم  الوصول لعنوان البطولة الدوري المصري الممتاز - سيدات 
2025-12-09 06:25:15,727 - INFO - وصلنا لجميع مباريات البطولة
2025-12-09 06:25:15,727 - INFO - وصلنا لاول  فريق ف المباراة البنك الأهلي
2025-12-09 06:25:15,728 - INFO - وصلنا ل تاني فريق مسار
2025-12-09 06:25:15,728 - INFO - وصلنا لنتيجة المباراة
2025-12-09 06:25:15,728 - INFO - تم الوصول لوقت المباراة
2025-12-09 06:25:15,746 - INFO - ملف  الماتشات و النتايج اتعمل
2025-12-09 06:25:15,753 - INFO - تم عمل الملف (عدد مباريات كل بطولة)
2025-12-09 06:25:16,220 - INFO - Barh chart done
2025-12-09 06:25:16,497 - INFO - Pie chart done
2025-12-09 06:25:20,553 - INFO - pdf done
2025-12-09 06:25:20,553 - INFO - Progam is Done
2025-12-09 06:25:20,553 - INFO - End
2025-12-09 06:25:20,553 - INFO - --------------------------------------------------
2025-12-09 06:26:33,195 - INFO - Start
2025-12-09 06:26:34,266 - INFO - تم الوصول للموقع
2025-12-09 06:26:34,495 - INFO - تم  الوصول لعنوان البطولة كأس العرب 
2025-12-09 06:26:34,495 - INFO - وصلنا لجميع مباريات البطولة
2025-12-09 06:26:34,496 - INFO - وصلنا لاول  فريق ف المباراة الإمارات
2025-12-09 06:26:34,496 - INFO - وصلنا ل تاني فريق الكويت
2025-12-09 06:26:34,497 - INFO - وصلنا لنتيجة المباراة
2025-12-09 06:26:34,498 - INFO - تم الوصول لوقت المباراة
2025-12-09 06:26:34,498 - INFO - وصلنا لاول  فريق ف المباراة مصر الثاني
2025-12-09 06:26:34,498 - INFO - وصلنا ل تاني فريق الأردن
2025-12-09 06:26:34,499 - INFO - وصلنا لنتيجة المباراة
2025-12-09 06:26:34,499 - INFO - تم الوصول لوقت المباراة
2025-12-09 06:26:34,499 - INFO - وصلنا لاول  فريق ف المباراة الجزائر الثاني
2025-12-09 06:26:34,500 - INFO - وصلنا ل تاني فريق العراق
2025-12-09 06:26:34,500 - INFO - وصلنا لنتيجة المباراة
2025-12-09 06:26:34,500 - INFO - تم الوصول لوقت المباراة
2025-12-09 06:26:34,501 - INFO - وصلنا لاول  فريق ف المباراة البـــحرين
2025-12-09 06:26:34,501 - INFO - وصلنا ل تاني فريق السودان
2025-12-09 06:26:34,501 - INFO - وصلنا لنتيجة المباراة
2025-12-09 06:26:34,502 - INFO - تم الوصول لوقت المباراة
2025-12-09 06:26:34,502 - INFO - تم  الوصول لعنوان البطولة كأس رابطة الأندية 
2025-12-09 06:26:34,502 - INFO - وصلنا لجميع مباريات البطولة
2025-12-09 06:26:34,503 - INFO - وصلنا لاول  فريق ف المباراة فاركو
2025-12-09 06:26:34,503 - INFO - وصلنا ل تاني فريق المقاولون العرب
2025-12-09 06:26:34,503 - INFO - وصلنا لنتيجة المباراة
2025-12-09 06:26:34,504 - INFO - تم الوصول لوقت المباراة
2025-12-09 06:26:34,504 - INFO - وصلنا لاول  فريق ف المباراة بيراميدز
2025-12-09 06:26:34,504 - INFO - وصلنا ل تاني فريق البنك الاهلي
2025-12-09 06:26:34,505 - INFO - وصلنا لنتيجة المباراة
2025-12-09 06:26:34,505 - INFO - تم الوصول لوقت المباراة
2025-12-09 06:26:34,505 - INFO - وصلنا لاول  فريق ف المباراة كهرباء الإسماعيلية
2025-12-09 06:26:34,505 - INFO - وصلنا ل تاني فريق الزمالك
2025-12-09 06:26:34,506 - INFO - وصلنا لنتيجة المباراة
2025-12-09 06:26:34,507 - INFO - تم الوصول لوقت المباراة
2025-12-09 06:26:34,507 - INFO - تم  الوصول لعنوان البطولة دوري أبطال أوروبا 
2025-12-09 06:26:34,508 - INFO - وصلنا لجميع مباريات البطولة
2025-12-09 06:26:34,508 - INFO - وصلنا لاول  فريق ف المباراة نادي كايرات
2025-12-09 06:26:34,508 - INFO - وصلنا ل تاني فريق أولمبياكوس
2025-12-09 06:26:34,508 - INFO - وصلنا لنتيجة المباراة
2025-12-09 06:26:34,508 - INFO - تم الوصول لوقت المباراة
2025-12-09 06:26:34,508 - INFO - وصلنا لاول  فريق ف المباراة بايرن ميونيخ
2025-12-09 06:26:34,508 - INFO - وصلنا ل تاني فريق سبورتينج لشبونة
2025-12-09 06:26:34,509 - INFO - وصلنا لنتيجة المباراة
2025-12-09 06:26:34,509 - INFO - تم الوصول لوقت المباراة
2025-12-09 06:26:34,509 - INFO - وصلنا لاول  فريق ف المباراة موناكو
2025-12-09 06:26:34,509 - INFO - وصلنا ل تاني فريق جالاتا سراي
2025-12-09 06:26:34,509 - INFO - وصلنا لنتيجة المباراة
2025-12-09 06:26:34,509 - INFO - تم الوصول لوقت المباراة
2025-12-09 06:26:34,509 - INFO - وصلنا لاول  فريق ف المباراة سان جيلواز
2025-12-09 06:26:34,510 - INFO - وصلنا ل تاني فريق مارسيليا
2025-12-09 06:26:34,510 - INFO - وصلنا لنتيجة المباراة
2025-12-09 06:26:34,510 - INFO - تم الوصول لوقت المباراة
2025-12-09 06:26:34,510 - INFO - وصلنا لاول  فريق ف المباراة إيندهوفن
2025-12-09 06:26:34,510 - INFO - وصلنا ل تاني فريق اتلتيكو مدريد
2025-12-09 06:26:34,510 - INFO - وصلنا لنتيجة المباراة
2025-12-09 06:26:34,511 - INFO - تم الوصول لوقت المباراة
2025-12-09 06:26:34,511 - INFO - وصلنا لاول  فريق ف المباراة إنتر ميلان
2025-12-09 06:26:34,511 - INFO - وصلنا ل تاني فريق ليفربول
2025-12-09 06:26:34,511 - INFO - وصلنا لنتيجة المباراة
2025-12-09 06:26:34,511 - INFO - تم الوصول لوقت المباراة
2025-12-09 06:26:34,511 - INFO - وصلنا لاول  فريق ف المباراة برشلونة
2025-12-09 06:26:34,511 - INFO - وصلنا ل تاني فريق آ. فرانكفورت
2025-12-09 06:26:34,512 - INFO - وصلنا لنتيجة المباراة
2025-12-09 06:26:34,512 - INFO - تم الوصول لوقت المباراة
2025-12-09 06:26:34,512 - INFO - وصلنا لاول  فريق ف المباراة توتنهام هوتسبر
2025-12-09 06:26:34,512 - INFO - وصلنا ل تاني فريق سلافيا براج
2025-12-09 06:26:34,512 - INFO - وصلنا لنتيجة المباراة
2025-12-09 06:26:34,512 - INFO - تم الوصول لوقت المباراة
2025-12-09 06:26:34,512 - INFO - وصلنا لاول  فريق ف المباراة أتالانتا
2025-12-09 06:26:34,512 - INFO - وصلنا ل تاني فريق تشيلسي
2025-12-09 06:26:34,513 - INFO - وصلنا لنتيجة المباراة
2025-12-09 06:26:34,513 - INFO - تم الوصول لوقت المباراة
2025-12-09 06:26:34,513 - INFO - تم  الوصول لعنوان البطولة دوري أبطال آسيا للنخبة 
2025-12-09 06:26:34,514 - INFO - وصلنا لجميع مباريات البطولة
2025-12-09 06:26:34,514 - INFO - وصلنا لاول  فريق ف المباراة فيسيل كوبه
2025-12-09 06:26:34,514 - INFO - وصلنا ل تاني فريق تشنغدو رونغتشينغ
2025-12-09 06:26:34,514 - INFO - وصلنا لنتيجة المباراة
2025-12-09 06:26:34,515 - INFO - تم الوصول لوقت المباراة
2025-12-09 06:26:34,515 - INFO - وصلنا لاول  فريق ف المباراة ماتشيدا زيلفيا
2025-12-09 06:26:34,515 - INFO - وصلنا ل تاني فريق أولسان هيونداي
2025-12-09 06:26:34,515 - INFO - وصلنا لنتيجة المباراة
2025-12-09 06:26:34,516 - INFO - تم الوصول لوقت المباراة
2025-12-09 06:26:34,516 - INFO - وصلنا لاول  فريق ف المباراة جوهور دارول تاكزيم
2025-12-09 06:26:34,516 - INFO - وصلنا ل تاني فريق شنغهاي بورت
2025-12-09 06:26:34,516 - INFO - وصلنا لنتيجة المباراة
2025-12-09 06:26:34,516 - INFO - تم الوصول لوقت المباراة
2025-12-09 06:26:34,517 - INFO - وصلنا لاول  فريق ف المباراة بوريرام
2025-12-09 06:26:34,517 - INFO - وصلنا ل تاني فريق جانجوون
2025-12-09 06:26:34,517 - INFO - وصلنا لنتيجة المباراة
2025-12-09 06:26:34,517 - INFO - تم الوصول لوقت المباراة
2025-12-09 06:26:34,517 - INFO - تم  الوصول لعنوان البطولة الدوري المصري الممتاز - سيدات 
2025-12-09 06:26:34,518 - INFO - وصلنا لجميع مباريات البطولة
2025-12-09 06:26:34,518 - INFO - وصلنا لاول  فريق ف المباراة البنك الأهلي
2025-12-09 06:26:34,518 - INFO - وصلنا ل تاني فريق مسار
2025-12-09 06:26:34,518 - INFO - وصلنا لنتيجة المباراة
2025-12-09 06:26:34,518 - INFO - تم الوصول لوقت المباراة
2025-12-09 06:26:34,532 - INFO - ملف  الماتشات و النتايج اتعمل
2025-12-09 06:26:34,536 - INFO - تم عمل الملف (عدد مباريات كل بطولة)
2025-12-09 06:26:34,994 - INFO - Barh chart done
2025-12-09 06:26:35,300 - INFO - Pie chart done
2025-12-09 06:26:39,122 - INFO - pdf done
2025-12-09 06:26:39,123 - INFO - Progam is Done
2025-12-09 06:26:39,123 - INFO - End
2025-12-09 06:26:39,123 - INFO - --------------------------------------------------
2025-12-09 20:27:34,365 - INFO - Start
2025-12-09 20:27:34,420 - ERROR - مدخلناش الموقعHTTPSConnectionPool(host='www.yallakora.com', port=443): Max retries exceeded with url: /match-center?date=12/09/2025 (Caused by NameResolutionError("<urllib3.connection.HTTPSConnection object at 0x000001D438151BE0>: Failed to resolve 'www.yallakora.com' ([Errno 11001] getaddrinfo failed)")) 
2025-12-09 20:28:18,694 - INFO - Start
2025-12-09 20:28:18,708 - ERROR - مدخلناش الموقعHTTPSConnectionPool(host='www.yallakora.com', port=443): Max retries exceeded with url: /match-center?date=12/09/2025 (Caused by NameResolutionError("<urllib3.connection.HTTPSConnection object at 0x000001D817E35BE0>: Failed to resolve 'www.yallakora.com' ([Errno 11001] getaddrinfo failed)")) 
2025-12-09 20:28:35,868 - INFO - Start
2025-12-09 20:28:46,936 - ERROR - مدخلناش الموقعHTTPSConnectionPool(host='www.yallakora.com', port=443): Max retries exceeded with url: /match-center?date=12/09/2025 (Caused by NameResolutionError("<urllib3.connection.HTTPSConnection object at 0x000002D3CB7D5BE0>: Failed to resolve 'www.yallakora.com' ([Errno 11001] getaddrinfo failed)")) 
2025-12-09 20:29:58,398 - INFO - Start
2025-12-09 20:30:00,235 - INFO - تم الوصول للموقع
2025-12-09 20:30:00,379 - INFO - تم  الوصول لعنوان البطولة كأس العرب 
2025-12-09 20:30:00,381 - INFO - وصلنا لجميع مباريات البطولة
2025-12-09 20:30:00,381 - INFO - وصلنا لاول  فريق ف المباراة الإمارات
2025-12-09 20:30:00,382 - INFO - وصلنا ل تاني فريق الكويت
2025-12-09 20:30:00,382 - INFO - وصلنا لنتيجة المباراة
2025-12-09 20:30:00,382 - INFO - تم الوصول لوقت المباراة
2025-12-09 20:30:00,383 - INFO - وصلنا لاول  فريق ف المباراة مصر الثاني
2025-12-09 20:30:00,383 - INFO - وصلنا ل تاني فريق الأردن
2025-12-09 20:30:00,384 - INFO - وصلنا لنتيجة المباراة
2025-12-09 20:30:00,384 - INFO - تم الوصول لوقت المباراة
2025-12-09 20:30:00,384 - INFO - وصلنا لاول  فريق ف المباراة الجزائر الثاني
2025-12-09 20:30:00,385 - INFO - وصلنا ل تاني فريق العراق
2025-12-09 20:30:00,385 - INFO - وصلنا لنتيجة المباراة
2025-12-09 20:30:00,385 - INFO - تم الوصول لوقت المباراة
2025-12-09 20:30:00,385 - INFO - وصلنا لاول  فريق ف المباراة البـــحرين
2025-12-09 20:30:00,386 - INFO - وصلنا ل تاني فريق السودان
2025-12-09 20:30:00,386 - INFO - وصلنا لنتيجة المباراة
2025-12-09 20:30:00,386 - INFO - تم الوصول لوقت المباراة
2025-12-09 20:30:00,386 - INFO - تم  الوصول لعنوان البطولة كأس رابطة الأندية 
2025-12-09 20:30:00,387 - INFO - وصلنا لجميع مباريات البطولة
2025-12-09 20:30:00,387 - INFO - وصلنا لاول  فريق ف المباراة فاركو
2025-12-09 20:30:00,388 - INFO - وصلنا ل تاني فريق المقاولون العرب
2025-12-09 20:30:00,388 - INFO - وصلنا لنتيجة المباراة
2025-12-09 20:30:00,389 - INFO - تم الوصول لوقت المباراة
2025-12-09 20:30:00,389 - INFO - وصلنا لاول  فريق ف المباراة بيراميدز
2025-12-09 20:30:00,389 - INFO - وصلنا ل تاني فريق البنك الاهلي
2025-12-09 20:30:00,390 - INFO - وصلنا لنتيجة المباراة
2025-12-09 20:30:00,390 - INFO - تم الوصول لوقت المباراة
2025-12-09 20:30:00,390 - INFO - وصلنا لاول  فريق ف المباراة كهرباء الإسماعيلية
2025-12-09 20:30:00,391 - INFO - وصلنا ل تاني فريق الزمالك
2025-12-09 20:30:00,391 - INFO - وصلنا لنتيجة المباراة
2025-12-09 20:30:00,391 - INFO - تم الوصول لوقت المباراة
2025-12-09 20:30:00,392 - INFO - تم  الوصول لعنوان البطولة دوري أبطال أوروبا 
2025-12-09 20:30:00,394 - INFO - وصلنا لجميع مباريات البطولة
2025-12-09 20:30:00,394 - INFO - وصلنا لاول  فريق ف المباراة نادي كايرات
2025-12-09 20:30:00,394 - INFO - وصلنا ل تاني فريق أولمبياكوس
2025-12-09 20:30:00,395 - INFO - وصلنا لنتيجة المباراة
2025-12-09 20:30:00,395 - INFO - تم الوصول لوقت المباراة
2025-12-09 20:30:00,395 - INFO - وصلنا لاول  فريق ف المباراة بايرن ميونيخ
2025-12-09 20:30:00,396 - INFO - وصلنا ل تاني فريق سبورتينج لشبونة
2025-12-09 20:30:00,396 - INFO - وصلنا لنتيجة المباراة
2025-12-09 20:30:00,396 - INFO - تم الوصول لوقت المباراة
2025-12-09 20:30:00,397 - INFO - وصلنا لاول  فريق ف المباراة موناكو
2025-12-09 20:30:00,397 - INFO - وصلنا ل تاني فريق جالاتا سراي
2025-12-09 20:30:00,397 - INFO - وصلنا لنتيجة المباراة
2025-12-09 20:30:00,397 - INFO - تم الوصول لوقت المباراة
2025-12-09 20:30:00,398 - INFO - وصلنا لاول  فريق ف المباراة سان جيلواز
2025-12-09 20:30:00,398 - INFO - وصلنا ل تاني فريق مارسيليا
2025-12-09 20:30:00,398 - INFO - وصلنا لنتيجة المباراة
2025-12-09 20:30:00,399 - INFO - تم الوصول لوقت المباراة
2025-12-09 20:30:00,399 - INFO - وصلنا لاول  فريق ف المباراة إيندهوفن
2025-12-09 20:30:00,399 - INFO - وصلنا ل تاني فريق اتلتيكو مدريد
2025-12-09 20:30:00,400 - INFO - وصلنا لنتيجة المباراة
2025-12-09 20:30:00,400 - INFO - تم الوصول لوقت المباراة
2025-12-09 20:30:00,400 - INFO - وصلنا لاول  فريق ف المباراة إنتر ميلان
2025-12-09 20:30:00,401 - INFO - وصلنا ل تاني فريق ليفربول
2025-12-09 20:30:00,401 - INFO - وصلنا لنتيجة المباراة
2025-12-09 20:30:00,401 - INFO - تم الوصول لوقت المباراة
2025-12-09 20:30:00,402 - INFO - وصلنا لاول  فريق ف المباراة برشلونة
2025-12-09 20:30:00,402 - INFO - وصلنا ل تاني فريق آ. فرانكفورت
2025-12-09 20:30:00,402 - INFO - وصلنا لنتيجة المباراة
2025-12-09 20:30:00,403 - INFO - تم الوصول لوقت المباراة
2025-12-09 20:30:00,403 - INFO - وصلنا لاول  فريق ف المباراة توتنهام هوتسبر
2025-12-09 20:30:00,403 - INFO - وصلنا ل تاني فريق سلافيا براج
2025-12-09 20:30:00,404 - INFO - وصلنا لنتيجة المباراة
2025-12-09 20:30:00,404 - INFO - تم الوصول لوقت المباراة
2025-12-09 20:30:00,404 - INFO - وصلنا لاول  فريق ف المباراة أتالانتا
2025-12-09 20:30:00,404 - INFO - وصلنا ل تاني فريق تشيلسي
2025-12-09 20:30:00,405 - INFO - وصلنا لنتيجة المباراة
2025-12-09 20:30:00,405 - INFO - تم الوصول لوقت المباراة
2025-12-09 20:30:00,405 - INFO - تم  الوصول لعنوان البطولة دوري أبطال آسيا للنخبة 
2025-12-09 20:30:00,406 - INFO - وصلنا لجميع مباريات البطولة
2025-12-09 20:30:00,407 - INFO - وصلنا لاول  فريق ف المباراة فيسيل كوبه
2025-12-09 20:30:00,407 - INFO - وصلنا ل تاني فريق تشنغدو رونغتشينغ
2025-12-09 20:30:00,407 - INFO - وصلنا لنتيجة المباراة
2025-12-09 20:30:00,407 - INFO - تم الوصول لوقت المباراة
2025-12-09 20:30:00,407 - INFO - وصلنا لاول  فريق ف المباراة ماتشيدا زيلفيا
2025-12-09 20:30:00,407 - INFO - وصلنا ل تاني فريق أولسان هيونداي
2025-12-09 20:30:00,407 - INFO - وصلنا لنتيجة المباراة
2025-12-09 20:30:00,408 - INFO - تم الوصول لوقت المباراة
2025-12-09 20:30:00,408 - INFO - وصلنا لاول  فريق ف المباراة جوهور دارول تاكزيم
2025-12-09 20:30:00,408 - INFO - وصلنا ل تاني فريق شنغهاي بورت
2025-12-09 20:30:00,408 - INFO - وصلنا لنتيجة المباراة
2025-12-09 20:30:00,408 - INFO - تم الوصول لوقت المباراة
2025-12-09 20:30:00,408 - INFO - وصلنا لاول  فريق ف المباراة بوريرام
2025-12-09 20:30:00,408 - INFO - وصلنا ل تاني فريق جانجوون
2025-12-09 20:30:00,409 - INFO - وصلنا لنتيجة المباراة
2025-12-09 20:30:00,409 - INFO - تم الوصول لوقت المباراة
2025-12-09 20:30:00,409 - INFO - تم  الوصول لعنوان البطولة الدوري المصري الممتاز - سيدات 
2025-12-09 20:30:00,409 - INFO - وصلنا لجميع مباريات البطولة
2025-12-09 20:30:00,409 - INFO - وصلنا لاول  فريق ف المباراة البنك الأهلي
2025-12-09 20:30:00,409 - INFO - وصلنا ل تاني فريق مسار
2025-12-09 20:30:00,409 - INFO - وصلنا لنتيجة المباراة
2025-12-09 20:30:00,410 - INFO - تم الوصول لوقت المباراة
2025-12-09 20:30:00,452 - INFO - ملف  الماتشات و النتايج اتعمل
2025-12-09 20:30:00,462 - INFO - تم عمل الملف (عدد مباريات كل بطولة)
2025-12-09 20:30:02,375 - INFO - Barh chart done
2025-12-09 20:30:03,026 - INFO - Pie chart done
2025-12-09 20:30:08,236 - INFO - pdf done
2025-12-09 20:30:08,237 - INFO - Progam is Done
2025-12-09 20:30:08,237 - INFO - End
2025-12-09 20:30:08,238 - INFO - --------------------------------------------------
2025-12-12 11:06:29,208 - INFO - Start
2025-12-12 11:06:33,142 - INFO - تم الوصول للموقع
2025-12-12 11:06:33,440 - INFO - تم  الوصول لعنوان البطولة كأس العرب 
2025-12-12 11:06:33,441 - INFO - وصلنا لجميع مباريات البطولة
2025-12-12 11:06:33,442 - INFO - وصلنا لاول  فريق ف المباراة الأردن
2025-12-12 11:06:33,443 - INFO - وصلنا ل تاني فريق العراق
2025-12-12 11:06:33,443 - INFO - وصلنا لنتيجة المباراة
2025-12-12 11:06:33,444 - INFO - تم الوصول لوقت المباراة
2025-12-12 11:06:33,444 - INFO - وصلنا لاول  فريق ف المباراة الجزائر (الثاني)
2025-12-12 11:06:33,444 - INFO - وصلنا ل تاني فريق الإمارات
2025-12-12 11:06:33,445 - INFO - وصلنا لنتيجة المباراة
2025-12-12 11:06:33,445 - INFO - تم الوصول لوقت المباراة
2025-12-12 11:06:33,445 - INFO - تم  الوصول لعنوان البطولة كأس رابطة الأندية 
2025-12-12 11:06:33,446 - INFO - وصلنا لجميع مباريات البطولة
2025-12-12 11:06:33,446 - INFO - وصلنا لاول  فريق ف المباراة الأهلي
2025-12-12 11:06:33,446 - INFO - وصلنا ل تاني فريق إنبي
2025-12-12 11:06:33,446 - INFO - وصلنا لنتيجة المباراة
2025-12-12 11:06:33,447 - INFO - تم الوصول لوقت المباراة
2025-12-12 11:06:33,447 - INFO - تم  الوصول لعنوان البطولة الدوري الإسباني 
2025-12-12 11:06:33,447 - INFO - وصلنا لجميع مباريات البطولة
2025-12-12 11:06:33,448 - INFO - وصلنا لاول  فريق ف المباراة ريال سوسيداد
2025-12-12 11:06:33,448 - INFO - وصلنا ل تاني فريق جيرونا
2025-12-12 11:06:33,450 - INFO - وصلنا لنتيجة المباراة
2025-12-12 11:06:33,451 - INFO - تم الوصول لوقت المباراة
2025-12-12 11:06:33,452 - INFO - تم  الوصول لعنوان البطولة الدوري الإيطالي 
2025-12-12 11:06:33,452 - INFO - وصلنا لجميع مباريات البطولة
2025-12-12 11:06:33,453 - INFO - وصلنا لاول  فريق ف المباراة ليتشي
2025-12-12 11:06:33,453 - INFO - وصلنا ل تاني فريق بيزا كالتشيو
2025-12-12 11:06:33,454 - INFO - وصلنا لنتيجة المباراة
2025-12-12 11:06:33,454 - INFO - تم الوصول لوقت المباراة
2025-12-12 11:06:33,454 - INFO - تم  الوصول لعنوان البطولة الدوري الفرنسي 
2025-12-12 11:06:33,455 - INFO - وصلنا لجميع مباريات البطولة
2025-12-12 11:06:33,455 - INFO - وصلنا لاول  فريق ف المباراة أنجيه
2025-12-12 11:06:33,455 - INFO - وصلنا ل تاني فريق نانت
2025-12-12 11:06:33,456 - INFO - وصلنا لنتيجة المباراة
2025-12-12 11:06:33,456 - INFO - تم الوصول لوقت المباراة
2025-12-12 11:06:33,456 - INFO - تم  الوصول لعنوان البطولة الدوري الألماني 
2025-12-12 11:06:33,457 - INFO - وصلنا لجميع مباريات البطولة
2025-12-12 11:06:33,479 - INFO - وصلنا لاول  فريق ف المباراة يونيون برلين
2025-12-12 11:06:33,480 - INFO - وصلنا ل تاني فريق لايبزيج
2025-12-12 11:06:33,480 - INFO - وصلنا لنتيجة المباراة
2025-12-12 11:06:33,480 - INFO - تم الوصول لوقت المباراة
2025-12-12 11:06:33,481 - INFO - تم  الوصول لعنوان البطولة دوري القسم الثاني-أ 
2025-12-12 11:06:33,481 - INFO - وصلنا لجميع مباريات البطولة
2025-12-12 11:06:33,482 - INFO - وصلنا لاول  فريق ف المباراة راية الرياضي
2025-12-12 11:06:33,482 - INFO - وصلنا ل تاني فريق بترول أسيوط
2025-12-12 11:06:33,485 - INFO - وصلنا لنتيجة المباراة
2025-12-12 11:06:33,486 - INFO - تم الوصول لوقت المباراة
2025-12-12 11:06:33,486 - INFO - وصلنا لاول  فريق ف المباراة المصرية للاتصالات
2025-12-12 11:06:33,486 - INFO - وصلنا ل تاني فريق الانتاج الحربي
2025-12-12 11:06:33,487 - INFO - وصلنا لنتيجة المباراة
2025-12-12 11:06:33,487 - INFO - تم الوصول لوقت المباراة
2025-12-12 11:06:33,487 - INFO - وصلنا لاول  فريق ف المباراة بروكسي
2025-12-12 11:06:33,488 - INFO - وصلنا ل تاني فريق مسار
2025-12-12 11:06:33,488 - INFO - وصلنا لنتيجة المباراة
2025-12-12 11:06:33,488 - INFO - تم الوصول لوقت المباراة
2025-12-12 11:06:33,488 - INFO - وصلنا لاول  فريق ف المباراة أسوان
2025-12-12 11:06:33,489 - INFO - وصلنا ل تاني فريق القناة
2025-12-12 11:06:33,489 - INFO - وصلنا لنتيجة المباراة
2025-12-12 11:06:33,489 - INFO - تم الوصول لوقت المباراة
2025-12-12 11:06:33,490 - INFO - وصلنا لاول  فريق ف المباراة مالية كفر الزيات
2025-12-12 11:06:33,490 - INFO - وصلنا ل تاني فريق الداخلية
2025-12-12 11:06:33,490 - INFO - وصلنا لنتيجة المباراة
2025-12-12 11:06:33,491 - INFO - تم الوصول لوقت المباراة
2025-12-12 11:06:33,491 - INFO - وصلنا لاول  فريق ف المباراة المنصورة
2025-12-12 11:06:33,491 - INFO - وصلنا ل تاني فريق بلدية المحلة
2025-12-12 11:06:33,491 - INFO - وصلنا لنتيجة المباراة
2025-12-12 11:06:33,492 - INFO - تم الوصول لوقت المباراة
2025-12-12 11:06:33,492 - INFO - تم  الوصول لعنوان البطولة الدوري المصري الممتاز - سيدات 
2025-12-12 11:06:33,494 - INFO - وصلنا لجميع مباريات البطولة
2025-12-12 11:06:33,495 - INFO - وصلنا لاول  فريق ف المباراة وادي دجلة
2025-12-12 11:06:33,495 - INFO - وصلنا ل تاني فريق رع
2025-12-12 11:06:33,495 - INFO - وصلنا لنتيجة المباراة
2025-12-12 11:06:33,496 - INFO - تم الوصول لوقت المباراة
2025-12-12 11:06:33,496 - INFO - وصلنا لاول  فريق ف المباراة انبي
2025-12-12 11:06:33,496 - INFO - وصلنا ل تاني فريق البنك الأهلي
2025-12-12 11:06:33,497 - INFO - وصلنا لنتيجة المباراة
2025-12-12 11:06:33,497 - INFO - تم الوصول لوقت المباراة
2025-12-12 11:06:33,498 - INFO - وصلنا لاول  فريق ف المباراة بيراميدز
2025-12-12 11:06:33,498 - INFO - وصلنا ل تاني فريق الأهلي
2025-12-12 11:06:33,498 - INFO - وصلنا لنتيجة المباراة
2025-12-12 11:06:33,499 - INFO - تم الوصول لوقت المباراة
2025-12-12 11:06:33,499 - INFO - وصلنا لاول  فريق ف المباراة إس أي كا إف سـي الرياضي
2025-12-12 11:06:33,501 - INFO - وصلنا ل تاني فريق المقاولون العرب
2025-12-12 11:06:33,502 - INFO - وصلنا لنتيجة المباراة
2025-12-12 11:06:33,502 - INFO - تم الوصول لوقت المباراة
2025-12-12 11:06:33,502 - INFO - وصلنا لاول  فريق ف المباراة الطيران
2025-12-12 11:06:33,503 - INFO - وصلنا ل تاني فريق زد
2025-12-12 11:06:33,504 - INFO - وصلنا لنتيجة المباراة
2025-12-12 11:06:33,506 - INFO - تم الوصول لوقت المباراة
2025-12-12 11:06:33,506 - INFO - تم  الوصول لعنوان البطولة الدوري التركي 
2025-12-12 11:06:33,507 - INFO - وصلنا لجميع مباريات البطولة
2025-12-12 11:06:33,507 - INFO - وصلنا لاول  فريق ف المباراة قاسم باشا
2025-12-12 11:06:33,508 - INFO - وصلنا ل تاني فريق جنتشلربيرليجي
2025-12-12 11:06:33,508 - INFO - وصلنا لنتيجة المباراة
2025-12-12 11:06:33,509 - INFO - تم الوصول لوقت المباراة
2025-12-12 11:06:33,591 - INFO - ملف  الماتشات و النتايج اتعمل
2025-12-12 11:06:33,610 - INFO - تم عمل الملف (عدد مباريات كل بطولة)
2025-12-12 11:06:39,338 - INFO - Barh chart done
2025-12-12 11:06:40,963 - INFO - Pie chart done
2025-12-12 11:06:49,458 - INFO - pdf done
2025-12-12 11:06:49,458 - INFO - Progam is Done
2025-12-12 11:06:49,458 - INFO - End
2025-12-12 11:06:49,458 - INFO - --------------------------------------------------
2025-12-12 11:06:52,620 - INFO - Start
2025-12-12 11:06:54,784 - INFO - تم الوصول للموقع
2025-12-12 11:06:54,904 - INFO - تم  الوصول لعنوان البطولة كأس العرب 
2025-12-12 11:06:54,905 - INFO - وصلنا لجميع مباريات البطولة
2025-12-12 11:06:54,905 - INFO - وصلنا لاول  فريق ف المباراة الأردن
2025-12-12 11:06:54,905 - INFO - وصلنا ل تاني فريق العراق
2025-12-12 11:06:54,906 - INFO - وصلنا لنتيجة المباراة
2025-12-12 11:06:54,906 - INFO - تم الوصول لوقت المباراة
2025-12-12 11:06:54,906 - INFO - وصلنا لاول  فريق ف المباراة الجزائر (الثاني)
2025-12-12 11:06:54,906 - INFO - وصلنا ل تاني فريق الإمارات
2025-12-12 11:06:54,907 - INFO - وصلنا لنتيجة المباراة
2025-12-12 11:06:54,907 - INFO - تم الوصول لوقت المباراة
2025-12-12 11:06:54,907 - INFO - تم  الوصول لعنوان البطولة كأس رابطة الأندية 
2025-12-12 11:06:54,908 - INFO - وصلنا لجميع مباريات البطولة
2025-12-12 11:06:54,908 - INFO - وصلنا لاول  فريق ف المباراة الأهلي
2025-12-12 11:06:54,908 - INFO - وصلنا ل تاني فريق إنبي
2025-12-12 11:06:54,908 - INFO - وصلنا لنتيجة المباراة
2025-12-12 11:06:54,909 - INFO - تم الوصول لوقت المباراة
2025-12-12 11:06:54,909 - INFO - تم  الوصول لعنوان البطولة الدوري الإسباني 
2025-12-12 11:06:54,909 - INFO - وصلنا لجميع مباريات البطولة
2025-12-12 11:06:54,909 - INFO - وصلنا لاول  فريق ف المباراة ريال سوسيداد
2025-12-12 11:06:54,909 - INFO - وصلنا ل تاني فريق جيرونا
2025-12-12 11:06:54,910 - INFO - وصلنا لنتيجة المباراة
2025-12-12 11:06:54,910 - INFO - تم الوصول لوقت المباراة
2025-12-12 11:06:54,910 - INFO - تم  الوصول لعنوان البطولة الدوري الإيطالي 
2025-12-12 11:06:54,911 - INFO - وصلنا لجميع مباريات البطولة
2025-12-12 11:06:54,911 - INFO - وصلنا لاول  فريق ف المباراة ليتشي
2025-12-12 11:06:54,911 - INFO - وصلنا ل تاني فريق بيزا كالتشيو
2025-12-12 11:06:54,912 - INFO - وصلنا لنتيجة المباراة
2025-12-12 11:06:54,912 - INFO - تم الوصول لوقت المباراة
2025-12-12 11:06:54,912 - INFO - تم  الوصول لعنوان البطولة الدوري الفرنسي 
2025-12-12 11:06:54,913 - INFO - وصلنا لجميع مباريات البطولة
2025-12-12 11:06:54,913 - INFO - وصلنا لاول  فريق ف المباراة أنجيه
2025-12-12 11:06:54,913 - INFO - وصلنا ل تاني فريق نانت
2025-12-12 11:06:54,913 - INFO - وصلنا لنتيجة المباراة
2025-12-12 11:06:54,914 - INFO - تم الوصول لوقت المباراة
2025-12-12 11:06:54,914 - INFO - تم  الوصول لعنوان البطولة الدوري الألماني 
2025-12-12 11:06:54,914 - INFO - وصلنا لجميع مباريات البطولة
2025-12-12 11:06:54,914 - INFO - وصلنا لاول  فريق ف المباراة يونيون برلين
2025-12-12 11:06:54,914 - INFO - وصلنا ل تاني فريق لايبزيج
2025-12-12 11:06:54,915 - INFO - وصلنا لنتيجة المباراة
2025-12-12 11:06:54,915 - INFO - تم الوصول لوقت المباراة
2025-12-12 11:06:54,915 - INFO - تم  الوصول لعنوان البطولة دوري القسم الثاني-أ 
2025-12-12 11:06:54,917 - INFO - وصلنا لجميع مباريات البطولة
2025-12-12 11:06:54,918 - INFO - وصلنا لاول  فريق ف المباراة راية الرياضي
2025-12-12 11:06:54,918 - INFO - وصلنا ل تاني فريق بترول أسيوط
2025-12-12 11:06:54,918 - INFO - وصلنا لنتيجة المباراة
2025-12-12 11:06:54,918 - INFO - تم الوصول لوقت المباراة
2025-12-12 11:06:54,919 - INFO - وصلنا لاول  فريق ف المباراة المصرية للاتصالات
2025-12-12 11:06:54,919 - INFO - وصلنا ل تاني فريق الانتاج الحربي
2025-12-12 11:06:54,919 - INFO - وصلنا لنتيجة المباراة
2025-12-12 11:06:54,919 - INFO - تم الوصول لوقت المباراة
2025-12-12 11:06:54,919 - INFO - وصلنا لاول  فريق ف المباراة بروكسي
2025-12-12 11:06:54,919 - INFO - وصلنا ل تاني فريق مسار
2025-12-12 11:06:54,920 - INFO - وصلنا لنتيجة المباراة
2025-12-12 11:06:54,920 - INFO - تم الوصول لوقت المباراة
2025-12-12 11:06:54,920 - INFO - وصلنا لاول  فريق ف المباراة أسوان
2025-12-12 11:06:54,921 - INFO - وصلنا ل تاني فريق القناة
2025-12-12 11:06:54,921 - INFO - وصلنا لنتيجة المباراة
2025-12-12 11:06:54,921 - INFO - تم الوصول لوقت المباراة
2025-12-12 11:06:54,921 - INFO - وصلنا لاول  فريق ف المباراة مالية كفر الزيات
2025-12-12 11:06:54,921 - INFO - وصلنا ل تاني فريق الداخلية
2025-12-12 11:06:54,922 - INFO - وصلنا لنتيجة المباراة
2025-12-12 11:06:54,922 - INFO - تم الوصول لوقت المباراة
2025-12-12 11:06:54,922 - INFO - وصلنا لاول  فريق ف المباراة المنصورة
2025-12-12 11:06:54,922 - INFO - وصلنا ل تاني فريق بلدية المحلة
2025-12-12 11:06:54,923 - INFO - وصلنا لنتيجة المباراة
2025-12-12 11:06:54,923 - INFO - تم الوصول لوقت المباراة
2025-12-12 11:06:54,923 - INFO - تم  الوصول لعنوان البطولة الدوري المصري الممتاز - سيدات 
2025-12-12 11:06:54,924 - INFO - وصلنا لجميع مباريات البطولة
2025-12-12 11:06:54,925 - INFO - وصلنا لاول  فريق ف المباراة وادي دجلة
2025-12-12 11:06:54,925 - INFO - وصلنا ل تاني فريق رع
2025-12-12 11:06:54,925 - INFO - وصلنا لنتيجة المباراة
2025-12-12 11:06:54,925 - INFO - تم الوصول لوقت المباراة
2025-12-12 11:06:54,926 - INFO - وصلنا لاول  فريق ف المباراة انبي
2025-12-12 11:06:54,926 - INFO - وصلنا ل تاني فريق البنك الأهلي
2025-12-12 11:06:54,926 - INFO - وصلنا لنتيجة المباراة
2025-12-12 11:06:54,926 - INFO - تم الوصول لوقت المباراة
2025-12-12 11:06:54,926 - INFO - وصلنا لاول  فريق ف المباراة بيراميدز
2025-12-12 11:06:54,926 - INFO - وصلنا ل تاني فريق الأهلي
2025-12-12 11:06:54,927 - INFO - وصلنا لنتيجة المباراة
2025-12-12 11:06:54,927 - INFO - تم الوصول لوقت المباراة
2025-12-12 11:06:54,927 - INFO - وصلنا لاول  فريق ف المباراة إس أي كا إف سـي الرياضي
2025-12-12 11:06:54,927 - INFO - وصلنا ل تاني فريق المقاولون العرب
2025-12-12 11:06:54,927 - INFO - وصلنا لنتيجة المباراة
2025-12-12 11:06:54,928 - INFO - تم الوصول لوقت المباراة
2025-12-12 11:06:54,928 - INFO - وصلنا لاول  فريق ف المباراة الطيران
2025-12-12 11:06:54,928 - INFO - وصلنا ل تاني فريق زد
2025-12-12 11:06:54,928 - INFO - وصلنا لنتيجة المباراة
2025-12-12 11:06:54,929 - INFO - تم الوصول لوقت المباراة
2025-12-12 11:06:54,929 - INFO - تم  الوصول لعنوان البطولة الدوري التركي 
2025-12-12 11:06:54,929 - INFO - وصلنا لجميع مباريات البطولة
2025-12-12 11:06:54,930 - INFO - وصلنا لاول  فريق ف المباراة قاسم باشا
2025-12-12 11:06:54,930 - INFO - وصلنا ل تاني فريق جنتشلربيرليجي
2025-12-12 11:06:54,930 - INFO - وصلنا لنتيجة المباراة
2025-12-12 11:06:54,930 - INFO - تم الوصول لوقت المباراة
2025-12-12 11:06:54,944 - INFO - ملف  الماتشات و النتايج اتعمل
2025-12-12 11:06:54,949 - INFO - تم عمل الملف (عدد مباريات كل بطولة)
2025-12-12 11:06:55,562 - INFO - Barh chart done
2025-12-12 11:06:56,309 - INFO - Pie chart done
2025-12-12 11:07:01,989 - INFO - pdf done
2025-12-12 11:07:01,990 - INFO - Progam is Done
2025-12-12 11:07:01,990 - INFO - End
2025-12-12 11:07:01,991 - INFO - --------------------------------------------------
2025-12-22 06:57:21,928 - INFO - Start
2025-12-22 06:57:22,922 - INFO - تم الوصول للموقع
2025-12-22 06:57:23,011 - INFO - تم  الوصول لعنوان البطولة كأس الأمم الأفريقية 
2025-12-22 06:57:23,012 - INFO - وصلنا لجميع مباريات البطولة
2025-12-22 06:57:23,013 - INFO - وصلنا لاول  فريق ف المباراة مالي
2025-12-22 06:57:23,014 - INFO - وصلنا ل تاني فريق زامبيا
2025-12-22 06:57:23,014 - INFO - وصلنا لنتيجة المباراة
2025-12-22 06:57:23,015 - INFO - تم الوصول لوقت المباراة
2025-12-22 06:57:23,015 - INFO - وصلنا لاول  فريق ف المباراة جنوب أفريقيا
2025-12-22 06:57:23,016 - INFO - وصلنا ل تاني فريق أنجـــــولا
2025-12-22 06:57:23,016 - INFO - وصلنا لنتيجة المباراة
2025-12-22 06:57:23,016 - INFO - تم الوصول لوقت المباراة
2025-12-22 06:57:23,017 - INFO - وصلنا لاول  فريق ف المباراة مصر
2025-12-22 06:57:23,017 - INFO - وصلنا ل تاني فريق زيمبابوي
2025-12-22 06:57:23,018 - INFO - وصلنا لنتيجة المباراة
2025-12-22 06:57:23,018 - INFO - تم الوصول لوقت المباراة
2025-12-22 06:57:23,018 - INFO - تم  الوصول لعنوان البطولة كأس مصر 
2025-12-22 06:57:23,019 - INFO - وصلنا لجميع مباريات البطولة
2025-12-22 06:57:23,019 - INFO - وصلنا لاول  فريق ف المباراة المصري
2025-12-22 06:57:23,019 - INFO - وصلنا ل تاني فريق دكرنس
2025-12-22 06:57:23,020 - INFO - وصلنا لنتيجة المباراة
2025-12-22 06:57:23,020 - INFO - تم الوصول لوقت المباراة
2025-12-22 06:57:23,020 - INFO - وصلنا لاول  فريق ف المباراة بيراميدز
2025-12-22 06:57:23,021 - INFO - وصلنا ل تاني فريق مسار
2025-12-22 06:57:23,021 - INFO - وصلنا لنتيجة المباراة
2025-12-22 06:57:23,021 - INFO - تم الوصول لوقت المباراة
2025-12-22 06:57:23,022 - INFO - تم  الوصول لعنوان البطولة الدوري الإنجليزي 
2025-12-22 06:57:23,022 - INFO - وصلنا لجميع مباريات البطولة
2025-12-22 06:57:23,023 - INFO - وصلنا لاول  فريق ف المباراة فولهام
2025-12-22 06:57:23,023 - INFO - وصلنا ل تاني فريق نوتينجهام فورست
2025-12-22 06:57:23,023 - INFO - وصلنا لنتيجة المباراة
2025-12-22 06:57:23,024 - INFO - تم الوصول لوقت المباراة
2025-12-22 06:57:23,024 - INFO - تم  الوصول لعنوان البطولة الدوري الإسباني 
2025-12-22 06:57:23,025 - INFO - وصلنا لجميع مباريات البطولة
2025-12-22 06:57:23,025 - INFO - وصلنا لاول  فريق ف المباراة أتلتيك بلباو
2025-12-22 06:57:23,025 - INFO - وصلنا ل تاني فريق اسبانيول
2025-12-22 06:57:23,026 - INFO - وصلنا لنتيجة المباراة
2025-12-22 06:57:23,026 - INFO - تم الوصول لوقت المباراة
2025-12-22 06:57:23,026 - INFO - تم  الوصول لعنوان البطولة كأس السوبر الإيطالي 
2025-12-22 06:57:23,026 - INFO - وصلنا لجميع مباريات البطولة
2025-12-22 06:57:23,027 - INFO - وصلنا لاول  فريق ف المباراة نابولي
2025-12-22 06:57:23,027 - INFO - وصلنا ل تاني فريق بولونيا
2025-12-22 06:57:23,027 - INFO - وصلنا لنتيجة المباراة
2025-12-22 06:57:23,027 - INFO - تم الوصول لوقت المباراة
2025-12-22 06:57:23,027 - INFO - تم  الوصول لعنوان البطولة دوري أبطال آسيا للنخبة 
2025-12-22 06:57:23,028 - INFO - وصلنا لجميع مباريات البطولة
2025-12-22 06:57:23,028 - INFO - وصلنا لاول  فريق ف المباراة الشــارقة
2025-12-22 06:57:23,028 - INFO - وصلنا ل تاني فريق الهلال
2025-12-22 06:57:23,028 - INFO - وصلنا لنتيجة المباراة
2025-12-22 06:57:23,028 - INFO - تم الوصول لوقت المباراة
2025-12-22 06:57:23,028 - INFO - وصلنا لاول  فريق ف المباراة تراكتور
2025-12-22 06:57:23,028 - INFO - وصلنا ل تاني فريق الدحيل
2025-12-22 06:57:23,029 - INFO - وصلنا لنتيجة المباراة
2025-12-22 06:57:23,029 - INFO - تم الوصول لوقت المباراة
2025-12-22 06:57:23,029 - INFO - وصلنا لاول  فريق ف المباراة الغرافة
2025-12-22 06:57:23,029 - INFO - وصلنا ل تاني فريق الوحـــدة
2025-12-22 06:57:23,029 - INFO - وصلنا لنتيجة المباراة
2025-12-22 06:57:23,029 - INFO - تم الوصول لوقت المباراة
2025-12-22 06:57:23,030 - INFO - وصلنا لاول  فريق ف المباراة الشرطة
2025-12-22 06:57:23,030 - INFO - وصلنا ل تاني فريق أهلي جدة
2025-12-22 06:57:23,031 - INFO - وصلنا لنتيجة المباراة
2025-12-22 06:57:23,031 - INFO - تم الوصول لوقت المباراة
2025-12-22 06:57:23,031 - INFO - تم  الوصول لعنوان البطولة الدوري التركي 
2025-12-22 06:57:23,031 - INFO - وصلنا لجميع مباريات البطولة
2025-12-22 06:57:23,031 - INFO - وصلنا لاول  فريق ف المباراة إسطنبول باشاكشهير
2025-12-22 06:57:23,032 - INFO - وصلنا ل تاني فريق غازي عنتاب بي.بي.كي
2025-12-22 06:57:23,032 - INFO - وصلنا لنتيجة المباراة
2025-12-22 06:57:23,032 - INFO - تم الوصول لوقت المباراة
2025-12-22 06:57:23,032 - INFO - وصلنا لاول  فريق ف المباراة جنتشلربيرليجي
2025-12-22 06:57:23,032 - INFO - وصلنا ل تاني فريق طرابزون سبور
2025-12-22 06:57:23,032 - INFO - وصلنا لنتيجة المباراة
2025-12-22 06:57:23,032 - INFO - تم الوصول لوقت المباراة
2025-12-22 06:57:23,033 - INFO - تم  الوصول لعنوان البطولة الدوري البرتغالي 
2025-12-22 06:57:23,033 - INFO - وصلنا لجميع مباريات البطولة
2025-12-22 06:57:23,033 - INFO - وصلنا لاول  فريق ف المباراة ألفيركا
2025-12-22 06:57:23,033 - INFO - وصلنا ل تاني فريق بورتو
2025-12-22 06:57:23,034 - INFO - وصلنا لنتيجة المباراة
2025-12-22 06:57:23,034 - INFO - تم الوصول لوقت المباراة
2025-12-22 06:57:23,034 - INFO - وصلنا لاول  فريق ف المباراة بنفيكا
2025-12-22 06:57:23,034 - INFO - وصلنا ل تاني فريق فاماليكاو
2025-12-22 06:57:23,034 - INFO - وصلنا لنتيجة المباراة
2025-12-22 06:57:23,035 - INFO - تم الوصول لوقت المباراة
2025-12-22 06:57:23,077 - INFO - ملف  الماتشات و النتايج اتعمل
2025-12-22 06:57:23,092 - INFO - تم عمل الملف (عدد مباريات كل بطولة)
2025-12-22 06:57:24,887 - INFO - Barh chart done
2025-12-22 06:57:25,554 - INFO - Pie chart done
2025-12-22 06:57:30,429 - INFO - pdf done
2025-12-22 06:57:30,429 - INFO - Progam is Done
2025-12-22 06:57:30,429 - INFO - End
2025-12-22 06:57:30,429 - INFO - --------------------------------------------------
2025-12-23 11:42:47,859 - INFO - Start
2025-12-23 11:42:49,022 - INFO - تم الوصول للموقع
2025-12-23 11:42:49,127 - INFO - تم  الوصول لعنوان البطولة كأس الأمم الأفريقية 
2025-12-23 11:42:49,128 - INFO - وصلنا لجميع مباريات البطولة
2025-12-23 11:42:49,128 - INFO - وصلنا لاول  فريق ف المباراة الكونغو الديمقراطية
2025-12-23 11:42:49,129 - INFO - وصلنا ل تاني فريق بنين
2025-12-23 11:42:49,130 - INFO - وصلنا لنتيجة المباراة
2025-12-23 11:42:49,130 - INFO - تم الوصول لوقت المباراة
2025-12-23 11:42:49,130 - INFO - وصلنا لاول  فريق ف المباراة السنغال
2025-12-23 11:42:49,131 - INFO - وصلنا ل تاني فريق بوتسوانا
2025-12-23 11:42:49,131 - INFO - وصلنا لنتيجة المباراة
2025-12-23 11:42:49,132 - INFO - تم الوصول لوقت المباراة
2025-12-23 11:42:49,132 - INFO - وصلنا لاول  فريق ف المباراة نيجيريا
2025-12-23 11:42:49,132 - INFO - وصلنا ل تاني فريق تنزانيا
2025-12-23 11:42:49,133 - INFO - وصلنا لنتيجة المباراة
2025-12-23 11:42:49,133 - INFO - تم الوصول لوقت المباراة
2025-12-23 11:42:49,134 - INFO - وصلنا لاول  فريق ف المباراة تونس
2025-12-23 11:42:49,134 - INFO - وصلنا ل تاني فريق أوغندا
2025-12-23 11:42:49,134 - INFO - وصلنا لنتيجة المباراة
2025-12-23 11:42:49,135 - INFO - تم الوصول لوقت المباراة
2025-12-23 11:42:49,135 - INFO - تم  الوصول لعنوان البطولة كأس مصر 
2025-12-23 11:42:49,135 - INFO - وصلنا لجميع مباريات البطولة
2025-12-23 11:42:49,136 - INFO - وصلنا لاول  فريق ف المباراة سيراميكا كليوباترا
2025-12-23 11:42:49,137 - INFO - وصلنا ل تاني فريق أبو قير للاسمدة
2025-12-23 11:42:49,137 - INFO - وصلنا لنتيجة المباراة
2025-12-23 11:42:49,138 - INFO - تم الوصول لوقت المباراة
2025-12-23 11:42:49,138 - INFO - تم  الوصول لعنوان البطولة كأس رابطة الأندية 
2025-12-23 11:42:49,138 - INFO - وصلنا لجميع مباريات البطولة
2025-12-23 11:42:49,139 - INFO - وصلنا لاول  فريق ف المباراة مودرن سبورت
2025-12-23 11:42:49,139 - INFO - وصلنا ل تاني فريق وادي دجلة
2025-12-23 11:42:49,139 - INFO - وصلنا لنتيجة المباراة
2025-12-23 11:42:49,141 - INFO - تم الوصول لوقت المباراة
2025-12-23 11:42:49,141 - INFO - وصلنا لاول  فريق ف المباراة غزل المحلة
2025-12-23 11:42:49,142 - INFO - وصلنا ل تاني فريق الأهلي
2025-12-23 11:42:49,142 - INFO - وصلنا لنتيجة المباراة
2025-12-23 11:42:49,143 - INFO - تم الوصول لوقت المباراة
2025-12-23 11:42:49,143 - INFO - تم  الوصول لعنوان البطولة دوري أبطال آسيا للنخبة 
2025-12-23 11:42:49,144 - INFO - وصلنا لجميع مباريات البطولة
2025-12-23 11:42:49,144 - INFO - وصلنا لاول  فريق ف المباراة السد القطري
2025-12-23 11:42:49,145 - INFO - وصلنا ل تاني فريق شباب الأهلي
2025-12-23 11:42:49,145 - INFO - وصلنا لنتيجة المباراة
2025-12-23 11:42:49,146 - INFO - تم الوصول لوقت المباراة
2025-12-23 11:42:49,146 - INFO - وصلنا لاول  فريق ف المباراة الاتحاد
2025-12-23 11:42:49,147 - INFO - وصلنا ل تاني فريق ناساف كارشي
2025-12-23 11:42:49,147 - INFO - وصلنا لنتيجة المباراة
2025-12-23 11:42:49,147 - INFO - تم الوصول لوقت المباراة
2025-12-23 11:42:49,147 - INFO - تم  الوصول لعنوان البطولة الدوري المصري الممتاز - سيدات 
2025-12-23 11:42:49,147 - INFO - وصلنا لجميع مباريات البطولة
2025-12-23 11:42:49,147 - INFO - وصلنا لاول  فريق ف المباراة مسار
2025-12-23 11:42:49,147 - INFO - وصلنا ل تاني فريق وادي دجلة
2025-12-23 11:42:49,148 - INFO - وصلنا لنتيجة المباراة
2025-12-23 11:42:49,148 - INFO - تم الوصول لوقت المباراة
2025-12-23 11:42:49,148 - INFO - تم  الوصول لعنوان البطولة كأس كاراباو 
2025-12-23 11:42:49,148 - INFO - وصلنا لجميع مباريات البطولة
2025-12-23 11:42:49,149 - INFO - وصلنا لاول  فريق ف المباراة أرسنال
2025-12-23 11:42:49,149 - INFO - وصلنا ل تاني فريق كريستال بالاس
2025-12-23 11:42:49,149 - INFO - وصلنا لنتيجة المباراة
2025-12-23 11:42:49,149 - INFO - تم الوصول لوقت المباراة
2025-12-23 11:42:49,149 - INFO - تم  الوصول لعنوان البطولة الدوري البرتغالي 
2025-12-23 11:42:49,150 - INFO - وصلنا لجميع مباريات البطولة
2025-12-23 11:42:49,150 - INFO - وصلنا لاول  فريق ف المباراة فيتوريا جيماريش
2025-12-23 11:42:49,150 - INFO - وصلنا ل تاني فريق سبورتينج لشبونة
2025-12-23 11:42:49,150 - INFO - وصلنا لنتيجة المباراة
2025-12-23 11:42:49,150 - INFO - تم الوصول لوقت المباراة
2025-12-23 11:42:49,195 - INFO - ملف  الماتشات و النتايج اتعمل
2025-12-23 11:42:49,211 - INFO - تم عمل الملف (عدد مباريات كل بطولة)
2025-12-23 11:56:30,422 - INFO - Start
2025-12-23 11:56:32,653 - INFO - تم الوصول للموقع
2025-12-23 11:56:32,827 - INFO - تم  الوصول لعنوان البطولة كأس الأمم الأفريقية 
2025-12-23 11:56:32,829 - INFO - وصلنا لجميع مباريات البطولة
2025-12-23 11:56:32,830 - INFO - وصلنا لاول  فريق ف المباراة الكونغو الديمقراطية
2025-12-23 11:56:32,831 - INFO - وصلنا ل تاني فريق بنين
2025-12-23 11:56:32,832 - INFO - وصلنا لنتيجة المباراة
2025-12-23 11:56:32,832 - INFO - تم الوصول لوقت المباراة
2025-12-23 11:56:32,833 - INFO - وصلنا لاول  فريق ف المباراة السنغال
2025-12-23 11:56:32,834 - INFO - وصلنا ل تاني فريق بوتسوانا
2025-12-23 11:56:32,834 - INFO - وصلنا لنتيجة المباراة
2025-12-23 11:56:32,835 - INFO - تم الوصول لوقت المباراة
2025-12-23 11:56:32,836 - INFO - وصلنا لاول  فريق ف المباراة نيجيريا
2025-12-23 11:56:32,836 - INFO - وصلنا ل تاني فريق تنزانيا
2025-12-23 11:56:32,837 - INFO - وصلنا لنتيجة المباراة
2025-12-23 11:56:32,838 - INFO - تم الوصول لوقت المباراة
2025-12-23 11:56:32,838 - INFO - وصلنا لاول  فريق ف المباراة تونس
2025-12-23 11:56:32,839 - INFO - وصلنا ل تاني فريق أوغندا
2025-12-23 11:56:32,839 - INFO - وصلنا لنتيجة المباراة
2025-12-23 11:56:32,840 - INFO - تم الوصول لوقت المباراة
2025-12-23 11:56:32,840 - INFO - تم  الوصول لعنوان البطولة كأس مصر 
2025-12-23 11:56:32,841 - INFO - وصلنا لجميع مباريات البطولة
2025-12-23 11:56:32,842 - INFO - وصلنا لاول  فريق ف المباراة سيراميكا كليوباترا
2025-12-23 11:56:32,843 - INFO - وصلنا ل تاني فريق أبو قير للاسمدة
2025-12-23 11:56:32,843 - INFO - وصلنا لنتيجة المباراة
2025-12-23 11:56:32,843 - INFO - تم الوصول لوقت المباراة
2025-12-23 11:56:32,844 - INFO - تم  الوصول لعنوان البطولة كأس رابطة الأندية 
2025-12-23 11:56:32,844 - INFO - وصلنا لجميع مباريات البطولة
2025-12-23 11:56:32,845 - INFO - وصلنا لاول  فريق ف المباراة مودرن سبورت
2025-12-23 11:56:32,845 - INFO - وصلنا ل تاني فريق وادي دجلة
2025-12-23 11:56:32,845 - INFO - وصلنا لنتيجة المباراة
2025-12-23 11:56:32,846 - INFO - تم الوصول لوقت المباراة
2025-12-23 11:56:32,846 - INFO - وصلنا لاول  فريق ف المباراة غزل المحلة
2025-12-23 11:56:32,846 - INFO - وصلنا ل تاني فريق الأهلي
2025-12-23 11:56:32,847 - INFO - وصلنا لنتيجة المباراة
2025-12-23 11:56:32,847 - INFO - تم الوصول لوقت المباراة
2025-12-23 11:56:32,847 - INFO - تم  الوصول لعنوان البطولة دوري أبطال آسيا للنخبة 
2025-12-23 11:56:32,848 - INFO - وصلنا لجميع مباريات البطولة
2025-12-23 11:56:32,848 - INFO - وصلنا لاول  فريق ف المباراة السد القطري
2025-12-23 11:56:32,848 - INFO - وصلنا ل تاني فريق شباب الأهلي
2025-12-23 11:56:32,849 - INFO - وصلنا لنتيجة المباراة
2025-12-23 11:56:32,849 - INFO - تم الوصول لوقت المباراة
2025-12-23 11:56:32,849 - INFO - وصلنا لاول  فريق ف المباراة الاتحاد
2025-12-23 11:56:32,850 - INFO - وصلنا ل تاني فريق ناساف كارشي
2025-12-23 11:56:32,850 - INFO - وصلنا لنتيجة المباراة
2025-12-23 11:56:32,850 - INFO - تم الوصول لوقت المباراة
2025-12-23 11:56:32,850 - INFO - تم  الوصول لعنوان البطولة الدوري المصري الممتاز - سيدات 
2025-12-23 11:56:32,851 - INFO - وصلنا لجميع مباريات البطولة
2025-12-23 11:56:32,851 - INFO - وصلنا لاول  فريق ف المباراة مسار
2025-12-23 11:56:32,852 - INFO - وصلنا ل تاني فريق وادي دجلة
2025-12-23 11:56:32,852 - INFO - وصلنا لنتيجة المباراة
2025-12-23 11:56:32,852 - INFO - تم الوصول لوقت المباراة
2025-12-23 11:56:32,852 - INFO - تم  الوصول لعنوان البطولة كأس كاراباو 
2025-12-23 11:56:32,853 - INFO - وصلنا لجميع مباريات البطولة
2025-12-23 11:56:32,853 - INFO - وصلنا لاول  فريق ف المباراة أرسنال
2025-12-23 11:56:32,853 - INFO - وصلنا ل تاني فريق كريستال بالاس
2025-12-23 11:56:32,854 - INFO - وصلنا لنتيجة المباراة
2025-12-23 11:56:32,854 - INFO - تم الوصول لوقت المباراة
2025-12-23 11:56:32,854 - INFO - تم  الوصول لعنوان البطولة الدوري البرتغالي 
2025-12-23 11:56:32,855 - INFO - وصلنا لجميع مباريات البطولة
2025-12-23 11:56:32,855 - INFO - وصلنا لاول  فريق ف المباراة فيتوريا جيماريش
2025-12-23 11:56:32,855 - INFO - وصلنا ل تاني فريق سبورتينج لشبونة
2025-12-23 11:56:32,856 - INFO - وصلنا لنتيجة المباراة
2025-12-23 11:56:32,856 - INFO - تم الوصول لوقت المباراة
2025-12-23 11:56:32,878 - INFO - ملف  الماتشات و النتايج اتعمل
2025-12-23 11:56:32,891 - INFO - تم عمل الملف (عدد مباريات كل بطولة)
2025-12-23 12:17:47,011 - INFO - Start
2025-12-23 12:17:48,331 - INFO - تم الوصول للموقع
2025-12-23 12:17:48,425 - INFO - تم  الوصول لعنوان البطولة كأس الأمم الأفريقية 
2025-12-23 12:17:48,426 - INFO - وصلنا لجميع مباريات البطولة
2025-12-23 12:17:48,427 - INFO - وصلنا لاول  فريق ف المباراة الكونغو الديمقراطية
2025-12-23 12:17:48,428 - INFO - وصلنا ل تاني فريق بنين
2025-12-23 12:17:48,428 - INFO - وصلنا لنتيجة المباراة
2025-12-23 12:17:48,429 - INFO - تم الوصول لوقت المباراة
2025-12-23 12:17:48,429 - INFO - وصلنا لاول  فريق ف المباراة السنغال
2025-12-23 12:17:48,429 - INFO - وصلنا ل تاني فريق بوتسوانا
2025-12-23 12:17:48,429 - INFO - وصلنا لنتيجة المباراة
2025-12-23 12:17:48,429 - INFO - تم الوصول لوقت المباراة
2025-12-23 12:17:48,430 - INFO - وصلنا لاول  فريق ف المباراة نيجيريا
2025-12-23 12:17:48,430 - INFO - وصلنا ل تاني فريق تنزانيا
2025-12-23 12:17:48,431 - INFO - وصلنا لنتيجة المباراة
2025-12-23 12:17:48,431 - INFO - تم الوصول لوقت المباراة
2025-12-23 12:17:48,431 - INFO - وصلنا لاول  فريق ف المباراة تونس
2025-12-23 12:17:48,432 - INFO - وصلنا ل تاني فريق أوغندا
2025-12-23 12:17:48,432 - INFO - وصلنا لنتيجة المباراة
2025-12-23 12:17:48,432 - INFO - تم الوصول لوقت المباراة
2025-12-23 12:17:48,433 - INFO - تم  الوصول لعنوان البطولة كأس مصر 
2025-12-23 12:17:48,433 - INFO - وصلنا لجميع مباريات البطولة
2025-12-23 12:17:48,433 - INFO - وصلنا لاول  فريق ف المباراة سيراميكا كليوباترا
2025-12-23 12:17:48,433 - INFO - وصلنا ل تاني فريق أبو قير للاسمدة
2025-12-23 12:17:48,434 - INFO - وصلنا لنتيجة المباراة
2025-12-23 12:17:48,434 - INFO - تم الوصول لوقت المباراة
2025-12-23 12:17:48,434 - INFO - تم  الوصول لعنوان البطولة كأس رابطة الأندية 
2025-12-23 12:17:48,435 - INFO - وصلنا لجميع مباريات البطولة
2025-12-23 12:17:48,435 - INFO - وصلنا لاول  فريق ف المباراة مودرن سبورت
2025-12-23 12:17:48,435 - INFO - وصلنا ل تاني فريق وادي دجلة
2025-12-23 12:17:48,435 - INFO - وصلنا لنتيجة المباراة
2025-12-23 12:17:48,436 - INFO - تم الوصول لوقت المباراة
2025-12-23 12:17:48,436 - INFO - وصلنا لاول  فريق ف المباراة غزل المحلة
2025-12-23 12:17:48,436 - INFO - وصلنا ل تاني فريق الأهلي
2025-12-23 12:17:48,436 - INFO - وصلنا لنتيجة المباراة
2025-12-23 12:17:48,437 - INFO - تم الوصول لوقت المباراة
2025-12-23 12:17:48,437 - INFO - تم  الوصول لعنوان البطولة دوري أبطال آسيا للنخبة 
2025-12-23 12:17:48,437 - INFO - وصلنا لجميع مباريات البطولة
2025-12-23 12:17:48,437 - INFO - وصلنا لاول  فريق ف المباراة السد القطري
2025-12-23 12:17:48,438 - INFO - وصلنا ل تاني فريق شباب الأهلي
2025-12-23 12:17:48,438 - INFO - وصلنا لنتيجة المباراة
2025-12-23 12:17:48,438 - INFO - تم الوصول لوقت المباراة
2025-12-23 12:17:48,438 - INFO - وصلنا لاول  فريق ف المباراة الاتحاد
2025-12-23 12:17:48,439 - INFO - وصلنا ل تاني فريق ناساف كارشي
2025-12-23 12:17:48,439 - INFO - وصلنا لنتيجة المباراة
2025-12-23 12:17:48,439 - INFO - تم الوصول لوقت المباراة
2025-12-23 12:17:48,439 - INFO - تم  الوصول لعنوان البطولة الدوري المصري الممتاز - سيدات 
2025-12-23 12:17:48,440 - INFO - وصلنا لجميع مباريات البطولة
2025-12-23 12:17:48,440 - INFO - وصلنا لاول  فريق ف المباراة مسار
2025-12-23 12:17:48,440 - INFO - وصلنا ل تاني فريق وادي دجلة
2025-12-23 12:17:48,441 - INFO - وصلنا لنتيجة المباراة
2025-12-23 12:17:48,441 - INFO - تم الوصول لوقت المباراة
2025-12-23 12:17:48,441 - INFO - تم  الوصول لعنوان البطولة كأس كاراباو 
2025-12-23 12:17:48,441 - INFO - وصلنا لجميع مباريات البطولة
2025-12-23 12:17:48,442 - INFO - وصلنا لاول  فريق ف المباراة أرسنال
2025-12-23 12:17:48,442 - INFO - وصلنا ل تاني فريق كريستال بالاس
2025-12-23 12:17:48,442 - INFO - وصلنا لنتيجة المباراة
2025-12-23 12:17:48,443 - INFO - تم الوصول لوقت المباراة
2025-12-23 12:17:48,443 - INFO - تم  الوصول لعنوان البطولة الدوري البرتغالي 
2025-12-23 12:17:48,444 - INFO - وصلنا لجميع مباريات البطولة
2025-12-23 12:17:48,444 - INFO - وصلنا لاول  فريق ف المباراة فيتوريا جيماريش
2025-12-23 12:17:48,445 - INFO - وصلنا ل تاني فريق سبورتينج لشبونة
2025-12-23 12:17:48,445 - INFO - وصلنا لنتيجة المباراة
2025-12-23 12:17:48,445 - INFO - تم الوصول لوقت المباراة
2025-12-23 12:17:48,458 - INFO - ملف  الماتشات و النتايج اتعمل
2025-12-23 12:17:48,462 - INFO - تم عمل الملف (عدد مباريات كل بطولة)
2025-12-23 12:25:35,777 - INFO - Start
2025-12-23 12:25:36,851 - INFO - تم الوصول للموقع
2025-12-23 12:25:36,992 - INFO - تم  الوصول لعنوان البطولة كأس الأمم الأفريقية 
2025-12-23 12:25:36,993 - INFO - وصلنا لجميع مباريات البطولة
2025-12-23 12:25:36,994 - INFO - وصلنا لاول  فريق ف المباراة الكونغو الديمقراطية
2025-12-23 12:25:36,994 - INFO - وصلنا ل تاني فريق بنين
2025-12-23 12:25:36,995 - INFO - وصلنا لنتيجة المباراة
2025-12-23 12:25:36,995 - INFO - تم الوصول لوقت المباراة
2025-12-23 12:25:36,995 - INFO - وصلنا لاول  فريق ف المباراة السنغال
2025-12-23 12:25:36,996 - INFO - وصلنا ل تاني فريق بوتسوانا
2025-12-23 12:25:36,996 - INFO - وصلنا لنتيجة المباراة
2025-12-23 12:25:36,996 - INFO - تم الوصول لوقت المباراة
2025-12-23 12:25:36,997 - INFO - وصلنا لاول  فريق ف المباراة نيجيريا
2025-12-23 12:25:36,997 - INFO - وصلنا ل تاني فريق تنزانيا
2025-12-23 12:25:36,997 - INFO - وصلنا لنتيجة المباراة
2025-12-23 12:25:36,998 - INFO - تم الوصول لوقت المباراة
2025-12-23 12:25:36,998 - INFO - وصلنا لاول  فريق ف المباراة تونس
2025-12-23 12:25:36,999 - INFO - وصلنا ل تاني فريق أوغندا
2025-12-23 12:25:36,999 - INFO - وصلنا لنتيجة المباراة
2025-12-23 12:25:37,000 - INFO - تم الوصول لوقت المباراة
2025-12-23 12:25:37,000 - INFO - تم  الوصول لعنوان البطولة كأس مصر 
2025-12-23 12:25:37,000 - INFO - وصلنا لجميع مباريات البطولة
2025-12-23 12:25:37,001 - INFO - وصلنا لاول  فريق ف المباراة سيراميكا كليوباترا
2025-12-23 12:25:37,001 - INFO - وصلنا ل تاني فريق أبو قير للاسمدة
2025-12-23 12:25:37,002 - INFO - وصلنا لنتيجة المباراة
2025-12-23 12:25:37,002 - INFO - تم الوصول لوقت المباراة
2025-12-23 12:25:37,002 - INFO - تم  الوصول لعنوان البطولة كأس رابطة الأندية 
2025-12-23 12:25:37,003 - INFO - وصلنا لجميع مباريات البطولة
2025-12-23 12:25:37,003 - INFO - وصلنا لاول  فريق ف المباراة مودرن سبورت
2025-12-23 12:25:37,004 - INFO - وصلنا ل تاني فريق وادي دجلة
2025-12-23 12:25:37,004 - INFO - وصلنا لنتيجة المباراة
2025-12-23 12:25:37,005 - INFO - تم الوصول لوقت المباراة
2025-12-23 12:25:37,005 - INFO - وصلنا لاول  فريق ف المباراة غزل المحلة
2025-12-23 12:25:37,005 - INFO - وصلنا ل تاني فريق الأهلي
2025-12-23 12:25:37,006 - INFO - وصلنا لنتيجة المباراة
2025-12-23 12:25:37,006 - INFO - تم الوصول لوقت المباراة
2025-12-23 12:25:37,006 - INFO - تم  الوصول لعنوان البطولة دوري أبطال آسيا للنخبة 
2025-12-23 12:25:37,006 - INFO - وصلنا لجميع مباريات البطولة
2025-12-23 12:25:37,007 - INFO - وصلنا لاول  فريق ف المباراة السد القطري
2025-12-23 12:25:37,007 - INFO - وصلنا ل تاني فريق شباب الأهلي
2025-12-23 12:25:37,007 - INFO - وصلنا لنتيجة المباراة
2025-12-23 12:25:37,007 - INFO - تم الوصول لوقت المباراة
2025-12-23 12:25:37,007 - INFO - وصلنا لاول  فريق ف المباراة الاتحاد
2025-12-23 12:25:37,008 - INFO - وصلنا ل تاني فريق ناساف كارشي
2025-12-23 12:25:37,008 - INFO - وصلنا لنتيجة المباراة
2025-12-23 12:25:37,008 - INFO - تم الوصول لوقت المباراة
2025-12-23 12:25:37,008 - INFO - تم  الوصول لعنوان البطولة الدوري المصري الممتاز - سيدات 
2025-12-23 12:25:37,009 - INFO - وصلنا لجميع مباريات البطولة
2025-12-23 12:25:37,009 - INFO - وصلنا لاول  فريق ف المباراة مسار
2025-12-23 12:25:37,009 - INFO - وصلنا ل تاني فريق وادي دجلة
2025-12-23 12:25:37,009 - INFO - وصلنا لنتيجة المباراة
2025-12-23 12:25:37,009 - INFO - تم الوصول لوقت المباراة
2025-12-23 12:25:37,009 - INFO - تم  الوصول لعنوان البطولة كأس كاراباو 
2025-12-23 12:25:37,010 - INFO - وصلنا لجميع مباريات البطولة
2025-12-23 12:25:37,010 - INFO - وصلنا لاول  فريق ف المباراة أرسنال
2025-12-23 12:25:37,010 - INFO - وصلنا ل تاني فريق كريستال بالاس
2025-12-23 12:25:37,010 - INFO - وصلنا لنتيجة المباراة
2025-12-23 12:25:37,011 - INFO - تم الوصول لوقت المباراة
2025-12-23 12:25:37,011 - INFO - تم  الوصول لعنوان البطولة الدوري البرتغالي 
2025-12-23 12:25:37,011 - INFO - وصلنا لجميع مباريات البطولة
2025-12-23 12:25:37,011 - INFO - وصلنا لاول  فريق ف المباراة فيتوريا جيماريش
2025-12-23 12:25:37,011 - INFO - وصلنا ل تاني فريق سبورتينج لشبونة
2025-12-23 12:25:37,012 - INFO - وصلنا لنتيجة المباراة
2025-12-23 12:25:37,012 - INFO - تم الوصول لوقت المباراة
2025-12-23 12:25:37,035 - INFO - ملف  الماتشات و النتايج اتعمل
2025-12-23 12:25:37,053 - INFO - تم عمل الملف (عدد مباريات كل بطولة)
2025-12-23 12:25:44,801 - INFO - Barh chart done
2025-12-23 12:25:45,365 - INFO - Pie chart done
2025-12-23 12:25:49,223 - INFO - pdf done
2025-12-23 12:25:49,223 - INFO - Progam is Done
2025-12-23 12:25:49,224 - INFO - End
2025-12-23 12:25:49,227 - INFO - --------------------------------------------------
2025-12-26 17:45:35,733 - INFO - Start
2025-12-26 17:45:35,744 - ERROR - مدخلناش الموقعHTTPSConnectionPool(host='www.yallakora.com', port=443): Max retries exceeded with url: /match-center?date=12/26/2025 (Caused by NameResolutionError("<urllib3.connection.HTTPSConnection object at 0x000001F763609160>: Failed to resolve 'www.yallakora.com' ([Errno 11001] getaddrinfo failed)")) 
2025-12-26 17:46:46,142 - INFO - Start
2025-12-26 17:46:46,151 - ERROR - مدخلناش الموقعHTTPSConnectionPool(host='www.yallakora.com', port=443): Max retries exceeded with url: /match-center?date=12/26/2025 (Caused by NameResolutionError("<urllib3.connection.HTTPSConnection object at 0x00000267C0049160>: Failed to resolve 'www.yallakora.com' ([Errno 11001] getaddrinfo failed)")) 
2025-12-26 17:47:14,950 - INFO - Start
2025-12-26 17:47:15,982 - INFO - تم الوصول للموقع
2025-12-26 17:47:16,072 - INFO - تم  الوصول لعنوان البطولة كأس الأمم الأفريقية 
2025-12-26 17:47:16,072 - INFO - وصلنا لجميع مباريات البطولة
2025-12-26 17:47:16,073 - INFO - وصلنا لاول  فريق ف المباراة أنجـــــولا
2025-12-26 17:47:16,073 - INFO - وصلنا ل تاني فريق زيمبابوي
2025-12-26 17:47:16,073 - INFO - وصلنا لنتيجة المباراة
2025-12-26 17:47:16,074 - INFO - تم الوصول لوقت المباراة
2025-12-26 17:47:16,074 - INFO - وصلنا لاول  فريق ف المباراة مصر
2025-12-26 17:47:16,074 - INFO - وصلنا ل تاني فريق جنوب أفريقيا
2025-12-26 17:47:16,075 - INFO - وصلنا لنتيجة المباراة
2025-12-26 17:47:16,075 - INFO - تم الوصول لوقت المباراة
2025-12-26 17:47:16,075 - INFO - وصلنا لاول  فريق ف المباراة زامبيا
2025-12-26 17:47:16,075 - INFO - وصلنا ل تاني فريق جزر القمر
2025-12-26 17:47:16,076 - INFO - وصلنا لنتيجة المباراة
2025-12-26 17:47:16,076 - INFO - تم الوصول لوقت المباراة
2025-12-26 17:47:16,076 - INFO - وصلنا لاول  فريق ف المباراة المغرب
2025-12-26 17:47:16,077 - INFO - وصلنا ل تاني فريق مالي
2025-12-26 17:47:16,077 - INFO - وصلنا لنتيجة المباراة
2025-12-26 17:47:16,077 - INFO - تم الوصول لوقت المباراة
2025-12-26 17:47:16,077 - INFO - تم  الوصول لعنوان البطولة كأس مصر 
2025-12-26 17:47:16,078 - INFO - وصلنا لجميع مباريات البطولة
2025-12-26 17:47:16,078 - INFO - وصلنا لاول  فريق ف المباراة زد
2025-12-26 17:47:16,078 - INFO - وصلنا ل تاني فريق نادي چي
2025-12-26 17:47:16,079 - INFO - وصلنا لنتيجة المباراة
2025-12-26 17:47:16,079 - INFO - تم الوصول لوقت المباراة
2025-12-26 17:47:16,079 - INFO - تم  الوصول لعنوان البطولة الدوري الإنجليزي 
2025-12-26 17:47:16,080 - INFO - وصلنا لجميع مباريات البطولة
2025-12-26 17:47:16,080 - INFO - وصلنا لاول  فريق ف المباراة مانشستر يونايتد
2025-12-26 17:47:16,081 - INFO - وصلنا ل تاني فريق نيوكاسل
2025-12-26 17:47:16,081 - INFO - وصلنا لنتيجة المباراة
2025-12-26 17:47:16,081 - INFO - تم الوصول لوقت المباراة
2025-12-26 17:47:16,081 - INFO - تم  الوصول لعنوان البطولة دوري القسم الثاني-أ 
2025-12-26 17:47:16,082 - INFO - وصلنا لجميع مباريات البطولة
2025-12-26 17:47:16,082 - INFO - وصلنا لاول  فريق ف المباراة أسوان
2025-12-26 17:47:16,082 - INFO - وصلنا ل تاني فريق مالية كفر الزيات
2025-12-26 17:47:16,083 - INFO - وصلنا لنتيجة المباراة
2025-12-26 17:47:16,083 - INFO - تم الوصول لوقت المباراة
2025-12-26 17:47:16,083 - INFO - تم  الوصول لعنوان البطولة الدوري المصري الممتاز - سيدات 
2025-12-26 17:47:16,085 - INFO - وصلنا لجميع مباريات البطولة
2025-12-26 17:47:16,085 - INFO - وصلنا لاول  فريق ف المباراة اتحاد بسيون
2025-12-26 17:47:16,085 - INFO - وصلنا ل تاني فريق مسار
2025-12-26 17:47:16,085 - INFO - وصلنا لنتيجة المباراة
2025-12-26 17:47:16,086 - INFO - تم الوصول لوقت المباراة
2025-12-26 17:47:16,086 - INFO - وصلنا لاول  فريق ف المباراة وادي دجلة
2025-12-26 17:47:16,086 - INFO - وصلنا ل تاني فريق الأهلي
2025-12-26 17:47:16,087 - INFO - وصلنا لنتيجة المباراة
2025-12-26 17:47:16,087 - INFO - تم الوصول لوقت المباراة
2025-12-26 17:47:16,087 - INFO - وصلنا لاول  فريق ف المباراة بيراميدز
2025-12-26 17:47:16,087 - INFO - وصلنا ل تاني فريق المقاولون العرب
2025-12-26 17:47:16,088 - INFO - وصلنا لنتيجة المباراة
2025-12-26 17:47:16,088 - INFO - تم الوصول لوقت المباراة
2025-12-26 17:47:16,088 - INFO - وصلنا لاول  فريق ف المباراة الزمالك
2025-12-26 17:47:16,089 - INFO - وصلنا ل تاني فريق زد
2025-12-26 17:47:16,089 - INFO - وصلنا لنتيجة المباراة
2025-12-26 17:47:16,089 - INFO - تم الوصول لوقت المباراة
2025-12-26 17:47:16,089 - INFO - وصلنا لاول  فريق ف المباراة بالم هيلز
2025-12-26 17:47:16,090 - INFO - وصلنا ل تاني فريق رع
2025-12-26 17:47:16,090 - INFO - وصلنا لنتيجة المباراة
2025-12-26 17:47:16,090 - INFO - تم الوصول لوقت المباراة
2025-12-26 17:47:16,091 - INFO - وصلنا لاول  فريق ف المباراة إس أي كا إف سـي الرياضي
2025-12-26 17:47:16,091 - INFO - وصلنا ل تاني فريق الطيران
2025-12-26 17:47:16,091 - INFO - وصلنا لنتيجة المباراة
2025-12-26 17:47:16,092 - INFO - تم الوصول لوقت المباراة
2025-12-26 17:47:16,092 - INFO - تم  الوصول لعنوان البطولة الدوري السعودي 
2025-12-26 17:47:16,093 - INFO - وصلنا لجميع مباريات البطولة
2025-12-26 17:47:16,093 - INFO - وصلنا لاول  فريق ف المباراة الفتح
2025-12-26 17:47:16,093 - INFO - وصلنا ل تاني فريق أهلي جدة
2025-12-26 17:47:16,093 - INFO - وصلنا لنتيجة المباراة
2025-12-26 17:47:16,094 - INFO - تم الوصول لوقت المباراة
2025-12-26 17:47:16,094 - INFO - وصلنا لاول  فريق ف المباراة الخلود
2025-12-26 17:47:16,094 - INFO - وصلنا ل تاني فريق التعاون
2025-12-26 17:47:16,095 - INFO - وصلنا لنتيجة المباراة
2025-12-26 17:47:16,095 - INFO - تم الوصول لوقت المباراة
2025-12-26 17:47:16,095 - INFO - وصلنا لاول  فريق ف المباراة الهلال
2025-12-26 17:47:16,096 - INFO - وصلنا ل تاني فريق الخليج
2025-12-26 17:47:16,096 - INFO - وصلنا لنتيجة المباراة
2025-12-26 17:47:16,097 - INFO - تم الوصول لوقت المباراة
2025-12-26 17:47:16,142 - INFO - ملف  الماتشات و النتايج اتعمل
2025-12-26 17:47:16,158 - INFO - تم عمل الملف (عدد مباريات كل بطولة)
2025-12-26 17:47:21,111 - INFO - Barh chart done
2025-12-26 17:47:21,544 - INFO - Pie chart done
2025-12-26 17:47:25,267 - INFO - pdf done
2025-12-26 17:47:25,267 - INFO - Progam is Done
2025-12-26 17:47:25,267 - INFO - End
2025-12-26 17:47:25,267 - INFO - --------------------------------------------------
